Using device: cuda
Data shape: (33942, 1053)
Note columns found: ['note_length_chars', 'note_length_words', 'note_chunk_1', 'note_chunk_2', 'note_chunk_3', 'note_chunk_4', 'note_chunk_5', 'note_chunk_6', 'note_chunk_7', 'note_chunk_8', 'note_chunk_9', 'note_chunk_10', 'note_chunk_11', 'note_chunk_12', 'note_chunk_13', 'note_chunk_14', 'note_chunk_15', 'note_chunk_16', 'note_chunk_17', 'note_chunk_18', 'note_chunk_19', 'note_chunk_20', 'note_chunk_21', 'note_chunk_22', 'note_chunk_23', 'note_chunk_24', 'note_chunk_25', 'note_chunk_26', 'note_chunk_27', 'note_chunk_28', 'note_chunk_29', 'note_chunk_30', 'note_chunk_31', 'note_chunk_32', 'note_chunk_33', 'note_chunk_34', 'note_chunk_35', 'note_chunk_36', 'note_chunk_37', 'note_chunk_38', 'note_chunk_39', 'note_chunk_40', 'note_chunk_41', 'note_chunk_42', 'note_chunk_43', 'note_chunk_44', 'note_chunk_45', 'note_chunk_46', 'note_chunk_47', 'note_chunk_48', 'note_chunk_49', 'note_chunk_50', 'note_chunk_51', 'note_chunk_52', 'note_chunk_53', 'note_chunk_54', 'note_chunk_55', 'note_chunk_56', 'note_chunk_57', 'note_chunk_58', 'note_chunk_59', 'note_chunk_60', 'note_chunk_61', 'note_chunk_62', 'note_chunk_63', 'note_chunk_64', 'note_chunk_65', 'note_chunk_66', 'note_chunk_67', 'note_chunk_68', 'note_chunk_69', 'note_chunk_70', 'note_chunk_71', 'note_chunk_72', 'note_chunk_73', 'note_chunk_74', 'note_chunk_75', 'note_chunk_76', 'note_chunk_77', 'note_chunk_78', 'note_chunk_79', 'note_chunk_80', 'note_chunk_81', 'note_chunk_82', 'note_chunk_83', 'note_chunk_84', 'note_chunk_85', 'note_chunk_86', 'note_chunk_87', 'note_chunk_88', 'note_chunk_89', 'note_chunk_90', 'note_chunk_91', 'note_chunk_92', 'note_chunk_93', 'note_chunk_94', 'note_chunk_95', 'note_chunk_96', 'note_chunk_97', 'note_chunk_98', 'note_chunk_99', 'note_chunk_100', 'note_chunk_101', 'note_chunk_102', 'note_chunk_103', 'note_chunk_104', 'note_chunk_105', 'note_chunk_106', 'note_chunk_107', 'note_chunk_108', 'note_chunk_109', 'note_chunk_110', 'note_chunk_111', 'note_chunk_112', 'note_chunk_113', 'note_chunk_114', 'note_chunk_115', 'note_chunk_116', 'note_chunk_117', 'note_chunk_118', 'note_chunk_119', 'note_chunk_120', 'note_chunk_121', 'note_chunk_122', 'note_chunk_123', 'note_chunk_124', 'note_chunk_125', 'note_chunk_126', 'note_chunk_127', 'note_chunk_128', 'note_chunk_129', 'note_chunk_130', 'note_chunk_131', 'note_chunk_132', 'note_chunk_133', 'note_chunk_134', 'note_chunk_135', 'note_chunk_136', 'note_chunk_137', 'note_chunk_138', 'note_chunk_139', 'note_chunk_140', 'note_chunk_141', 'note_chunk_142', 'note_chunk_143', 'note_chunk_144', 'note_chunk_145', 'note_chunk_146', 'note_chunk_147', 'note_chunk_148', 'note_chunk_149', 'note_chunk_150', 'note_chunk_151', 'note_chunk_152', 'note_chunk_153', 'note_chunk_154', 'note_chunk_155', 'note_chunk_156', 'note_chunk_157', 'note_chunk_158', 'note_chunk_159', 'note_chunk_160', 'note_chunk_161', 'note_chunk_162', 'note_chunk_163', 'note_chunk_164', 'note_chunk_165', 'note_chunk_166', 'note_chunk_167', 'note_chunk_168', 'note_chunk_169', 'note_chunk_170', 'note_chunk_171', 'note_chunk_172', 'note_chunk_173', 'note_chunk_174', 'note_chunk_175', 'note_chunk_176', 'note_chunk_177', 'note_chunk_178', 'note_chunk_179', 'note_chunk_180', 'note_chunk_181', 'note_chunk_182', 'note_chunk_183', 'note_chunk_184', 'note_chunk_185', 'note_chunk_186', 'note_chunk_187', 'note_chunk_188', 'note_chunk_189', 'note_chunk_190', 'note_chunk_191', 'note_chunk_192', 'note_chunk_193', 'note_chunk_194', 'note_chunk_195', 'note_chunk_196', 'note_chunk_197', 'note_chunk_198', 'note_chunk_199', 'note_chunk_200', 'note_chunk_201', 'note_chunk_202', 'note_chunk_203', 'note_chunk_204', 'note_chunk_205', 'note_chunk_206', 'note_chunk_207', 'note_chunk_208', 'note_chunk_209', 'note_chunk_210', 'note_chunk_211', 'note_chunk_212', 'note_chunk_213', 'note_chunk_214', 'note_chunk_215', 'note_chunk_216', 'note_chunk_217', 'note_chunk_218', 'note_chunk_219', 'note_chunk_220', 'note_chunk_221', 'note_chunk_222', 'note_chunk_223', 'note_chunk_224', 'note_chunk_225', 'note_chunk_226', 'note_chunk_227', 'note_chunk_228', 'note_chunk_229', 'note_chunk_230', 'note_chunk_231', 'note_chunk_232', 'note_chunk_233', 'note_chunk_234', 'note_chunk_235', 'note_chunk_236', 'note_chunk_237', 'note_chunk_238', 'note_chunk_239', 'note_chunk_240', 'note_chunk_241', 'note_chunk_242', 'note_chunk_243', 'note_chunk_244', 'note_chunk_245', 'note_chunk_246', 'note_chunk_247', 'note_chunk_248', 'note_chunk_249', 'note_chunk_250', 'note_chunk_251', 'note_chunk_252', 'note_chunk_253', 'note_chunk_254', 'note_chunk_255', 'note_chunk_256', 'note_chunk_257', 'note_chunk_258', 'note_chunk_259', 'note_chunk_260', 'note_chunk_261', 'note_chunk_262', 'note_chunk_263', 'note_chunk_264', 'note_chunk_265', 'note_chunk_266', 'note_chunk_267', 'note_chunk_268', 'note_chunk_269', 'note_chunk_270', 'note_chunk_271', 'note_chunk_272', 'note_chunk_273', 'note_chunk_274', 'note_chunk_275', 'note_chunk_276', 'note_chunk_277', 'note_chunk_278', 'note_chunk_279', 'note_chunk_280', 'note_chunk_281', 'note_chunk_282', 'note_chunk_283', 'note_chunk_284', 'note_chunk_285', 'note_chunk_286', 'note_chunk_287', 'note_chunk_288', 'note_chunk_289', 'note_chunk_290', 'note_chunk_291', 'note_chunk_292', 'note_chunk_293', 'note_chunk_294', 'note_chunk_295', 'note_chunk_296', 'note_chunk_297', 'note_chunk_298', 'note_chunk_299', 'note_chunk_300', 'note_chunk_301', 'note_chunk_302', 'note_chunk_303', 'note_chunk_304', 'note_chunk_305', 'note_chunk_306', 'note_chunk_307', 'note_chunk_308', 'note_chunk_309', 'note_chunk_310', 'note_chunk_311', 'note_chunk_312', 'note_chunk_313', 'note_chunk_314', 'note_chunk_315', 'note_chunk_316', 'note_chunk_317', 'note_chunk_318', 'note_chunk_319', 'note_chunk_320', 'note_chunk_321', 'note_chunk_322', 'note_chunk_323', 'note_chunk_324', 'note_chunk_325', 'note_chunk_326', 'note_chunk_327', 'note_chunk_328', 'note_chunk_329', 'note_chunk_330', 'note_chunk_331', 'note_chunk_332', 'note_chunk_333', 'note_chunk_334', 'note_chunk_335', 'note_chunk_336', 'note_chunk_337', 'note_chunk_338', 'note_chunk_339', 'note_chunk_340', 'note_chunk_341', 'note_chunk_342', 'note_chunk_343', 'note_chunk_344', 'note_chunk_345', 'note_chunk_346', 'note_chunk_347', 'note_chunk_348', 'note_chunk_349', 'note_chunk_350', 'note_chunk_351', 'note_chunk_352', 'note_chunk_353', 'note_chunk_354', 'note_chunk_355', 'note_chunk_356', 'note_chunk_357', 'note_chunk_358', 'note_chunk_359', 'note_chunk_360', 'note_chunk_361', 'note_chunk_362', 'note_chunk_363', 'note_chunk_364', 'note_chunk_365', 'note_chunk_366', 'note_chunk_367', 'note_chunk_368', 'note_chunk_369', 'note_chunk_370', 'note_chunk_371', 'note_chunk_372', 'note_chunk_373', 'note_chunk_374', 'note_chunk_375', 'note_chunk_376', 'note_chunk_377', 'note_chunk_378', 'note_chunk_379', 'note_chunk_380', 'note_chunk_381', 'note_chunk_382', 'note_chunk_383', 'note_chunk_384', 'note_chunk_385', 'note_chunk_386', 'note_chunk_387', 'note_chunk_388', 'note_chunk_389', 'note_chunk_390', 'note_chunk_391', 'note_chunk_392', 'note_chunk_393', 'note_chunk_394', 'note_chunk_395', 'note_chunk_396', 'note_chunk_397', 'note_chunk_398', 'note_chunk_399', 'note_chunk_400', 'note_chunk_401', 'note_chunk_402', 'note_chunk_403', 'note_chunk_404', 'note_chunk_405', 'note_chunk_406', 'note_chunk_407', 'note_chunk_408', 'note_chunk_409', 'note_chunk_410', 'note_chunk_411', 'note_chunk_412', 'note_chunk_413', 'note_chunk_414', 'note_chunk_415', 'note_chunk_416', 'note_chunk_417', 'note_chunk_418', 'note_chunk_419', 'note_chunk_420', 'note_chunk_421', 'note_chunk_422', 'note_chunk_423', 'note_chunk_424', 'note_chunk_425', 'note_chunk_426', 'note_chunk_427', 'note_chunk_428', 'note_chunk_429', 'note_chunk_430', 'note_chunk_431', 'note_chunk_432', 'note_chunk_433', 'note_chunk_434', 'note_chunk_435', 'note_chunk_436', 'note_chunk_437', 'note_chunk_438', 'note_chunk_439', 'note_chunk_440', 'note_chunk_441', 'note_chunk_442', 'note_chunk_443', 'note_chunk_444', 'note_chunk_445', 'note_chunk_446', 'note_chunk_447', 'note_chunk_448', 'note_chunk_449', 'note_chunk_450', 'note_chunk_451', 'note_chunk_452', 'note_chunk_453', 'note_chunk_454', 'note_chunk_455', 'note_chunk_456', 'note_chunk_457', 'note_chunk_458', 'note_chunk_459', 'note_chunk_460', 'note_chunk_461', 'note_chunk_462', 'note_chunk_463', 'note_chunk_464', 'note_chunk_465', 'note_chunk_466', 'note_chunk_467', 'note_chunk_468', 'note_chunk_469', 'note_chunk_470', 'note_chunk_471', 'note_chunk_472', 'note_chunk_473', 'note_chunk_474', 'note_chunk_475', 'note_chunk_476', 'note_chunk_477', 'note_chunk_478', 'note_chunk_479', 'note_chunk_480', 'note_chunk_481', 'note_chunk_482', 'note_chunk_483', 'note_chunk_484', 'note_chunk_485', 'note_chunk_486', 'note_chunk_487', 'note_chunk_488', 'note_chunk_489', 'note_chunk_490', 'note_chunk_491', 'note_chunk_492', 'note_chunk_493', 'note_chunk_494', 'note_chunk_495', 'note_chunk_496', 'note_chunk_497', 'note_chunk_498', 'note_chunk_499', 'note_chunk_500', 'note_chunk_501', 'note_chunk_502', 'note_chunk_503', 'note_chunk_504', 'note_chunk_505', 'note_chunk_506', 'note_chunk_507', 'note_chunk_508', 'note_chunk_509', 'note_chunk_510', 'note_chunk_511', 'note_chunk_512', 'note_chunk_513', 'note_chunk_514', 'note_chunk_515', 'note_chunk_516', 'note_chunk_517', 'note_chunk_518', 'note_chunk_519', 'note_chunk_520', 'note_chunk_521', 'note_chunk_522', 'note_chunk_523', 'note_chunk_524', 'note_chunk_525', 'note_chunk_526', 'note_chunk_527', 'note_chunk_528', 'note_chunk_529', 'note_chunk_530', 'note_chunk_531', 'note_chunk_532', 'note_chunk_533', 'note_chunk_534', 'note_chunk_535', 'note_chunk_536', 'note_chunk_537', 'note_chunk_538', 'note_chunk_539', 'note_chunk_540', 'note_chunk_541', 'note_chunk_542', 'note_chunk_543', 'note_chunk_544', 'note_chunk_545', 'note_chunk_546', 'note_chunk_547', 'note_chunk_548', 'note_chunk_549', 'note_chunk_550', 'note_chunk_551', 'note_chunk_552', 'note_chunk_553', 'note_chunk_554', 'note_chunk_555', 'note_chunk_556', 'note_chunk_557', 'note_chunk_558', 'note_chunk_559', 'note_chunk_560', 'note_chunk_561', 'note_chunk_562', 'note_chunk_563', 'note_chunk_564', 'note_chunk_565', 'note_chunk_566', 'note_chunk_567', 'note_chunk_568', 'note_chunk_569', 'note_chunk_570', 'note_chunk_571', 'note_chunk_572', 'note_chunk_573', 'note_chunk_574', 'note_chunk_575', 'note_chunk_576', 'note_chunk_577', 'note_chunk_578', 'note_chunk_579', 'note_chunk_580', 'note_chunk_581', 'note_chunk_582', 'note_chunk_583', 'note_chunk_584', 'note_chunk_585', 'note_chunk_586', 'note_chunk_587', 'note_chunk_588', 'note_chunk_589', 'note_chunk_590', 'note_chunk_591', 'note_chunk_592', 'note_chunk_593', 'note_chunk_594', 'note_chunk_595', 'note_chunk_596', 'note_chunk_597', 'note_chunk_598', 'note_chunk_599', 'note_chunk_600', 'note_chunk_601', 'note_chunk_602', 'note_chunk_603', 'note_chunk_604', 'note_chunk_605', 'note_chunk_606', 'note_chunk_607', 'note_chunk_608', 'note_chunk_609', 'note_chunk_610', 'note_chunk_611', 'note_chunk_612', 'note_chunk_613', 'note_chunk_614', 'note_chunk_615', 'note_chunk_616', 'note_chunk_617', 'note_chunk_618', 'note_chunk_619', 'note_chunk_620', 'note_chunk_621', 'note_chunk_622', 'note_chunk_623', 'note_chunk_624', 'note_chunk_625', 'note_chunk_626', 'note_chunk_627', 'note_chunk_628', 'note_chunk_629', 'note_chunk_630', 'note_chunk_631', 'note_chunk_632', 'note_chunk_633', 'note_chunk_634', 'note_chunk_635', 'note_chunk_636', 'note_chunk_637', 'note_chunk_638', 'note_chunk_639', 'note_chunk_640', 'note_chunk_641', 'note_chunk_642', 'note_chunk_643', 'note_chunk_644', 'note_chunk_645', 'note_chunk_646', 'note_chunk_647', 'note_chunk_648', 'note_chunk_649', 'note_chunk_650', 'note_chunk_651', 'note_chunk_652', 'note_chunk_653', 'note_chunk_654', 'note_chunk_655', 'note_chunk_656', 'note_chunk_657', 'note_chunk_658', 'note_chunk_659', 'note_chunk_660', 'note_chunk_661', 'note_chunk_662', 'note_chunk_663', 'note_chunk_664', 'note_chunk_665', 'note_chunk_666', 'note_chunk_667', 'note_chunk_668', 'note_chunk_669', 'note_chunk_670', 'note_chunk_671', 'note_chunk_672', 'note_chunk_673', 'note_chunk_674', 'note_chunk_675', 'note_chunk_676', 'note_chunk_677', 'note_chunk_678', 'note_chunk_679', 'note_chunk_680', 'note_chunk_681', 'note_chunk_682', 'note_chunk_683', 'note_chunk_684', 'note_chunk_685', 'note_chunk_686', 'note_chunk_687', 'note_chunk_688', 'note_chunk_689', 'note_chunk_690', 'note_chunk_691', 'note_chunk_692', 'note_chunk_693', 'note_chunk_694', 'note_chunk_695', 'note_chunk_696', 'note_chunk_697', 'note_chunk_698', 'note_chunk_699', 'note_chunk_700', 'note_chunk_701', 'note_chunk_702', 'note_chunk_703', 'note_chunk_704', 'note_chunk_705', 'note_chunk_706', 'note_chunk_707', 'note_chunk_708', 'note_chunk_709', 'note_chunk_710', 'note_chunk_711', 'note_chunk_712', 'note_chunk_713', 'note_chunk_714', 'note_chunk_715', 'note_chunk_716', 'note_chunk_717', 'note_chunk_718', 'note_chunk_719', 'note_chunk_720', 'note_chunk_721', 'note_chunk_722', 'note_chunk_723', 'note_chunk_724', 'note_chunk_725', 'note_chunk_726', 'note_chunk_727', 'note_chunk_728', 'note_chunk_729', 'note_chunk_730', 'note_chunk_731', 'note_chunk_732', 'note_chunk_733', 'note_chunk_734', 'note_chunk_735', 'note_chunk_736', 'note_chunk_737', 'note_chunk_738', 'note_chunk_739', 'note_chunk_740', 'note_chunk_741', 'note_chunk_742', 'note_chunk_743', 'note_chunk_744', 'note_chunk_745', 'note_chunk_746', 'note_chunk_747', 'note_chunk_748', 'note_chunk_749', 'note_chunk_750', 'note_chunk_751', 'note_chunk_752', 'note_chunk_753', 'note_chunk_754', 'note_chunk_755', 'note_chunk_756', 'note_chunk_757', 'note_chunk_758', 'note_chunk_759', 'note_chunk_760', 'note_chunk_761', 'note_chunk_762', 'note_chunk_763', 'note_chunk_764', 'note_chunk_765', 'note_chunk_766', 'note_chunk_767', 'note_chunk_768', 'note_chunk_769', 'note_chunk_770', 'note_chunk_771', 'note_chunk_772', 'note_chunk_773', 'note_chunk_774', 'note_chunk_775', 'note_chunk_776', 'note_chunk_777', 'note_chunk_778', 'note_chunk_779', 'note_chunk_780', 'note_chunk_781', 'note_chunk_782', 'note_chunk_783', 'note_chunk_784', 'note_chunk_785', 'note_chunk_786', 'note_chunk_787', 'note_chunk_788', 'note_chunk_789', 'note_chunk_790', 'note_chunk_791', 'note_chunk_792', 'note_chunk_793', 'note_chunk_794', 'note_chunk_795', 'note_chunk_796', 'note_chunk_797', 'note_chunk_798', 'note_chunk_799', 'note_chunk_800', 'note_chunk_801', 'note_chunk_802', 'note_chunk_803', 'note_chunk_804', 'note_chunk_805', 'note_chunk_806', 'note_chunk_807', 'note_chunk_808', 'note_chunk_809', 'note_chunk_810', 'note_chunk_811', 'note_chunk_812', 'note_chunk_813', 'note_chunk_814', 'note_chunk_815', 'note_chunk_816', 'note_chunk_817', 'note_chunk_818', 'note_chunk_819', 'note_chunk_820', 'note_chunk_821', 'note_chunk_822', 'note_chunk_823', 'note_chunk_824', 'note_chunk_825', 'note_chunk_826', 'note_chunk_827', 'note_chunk_828', 'note_chunk_829', 'note_chunk_830', 'note_chunk_831', 'note_chunk_832', 'note_chunk_833', 'note_chunk_834', 'note_chunk_835', 'note_chunk_836', 'note_chunk_837', 'note_chunk_838', 'note_chunk_839', 'note_chunk_840', 'note_chunk_841', 'note_chunk_842', 'note_chunk_843', 'note_chunk_844', 'note_chunk_845', 'note_chunk_846', 'note_chunk_847', 'note_chunk_848', 'note_chunk_849', 'note_chunk_850', 'note_chunk_851', 'note_chunk_852', 'note_chunk_853', 'note_chunk_854', 'note_chunk_855', 'note_chunk_856', 'note_chunk_857', 'note_chunk_858', 'note_chunk_859', 'note_chunk_860', 'note_chunk_861', 'note_chunk_862', 'note_chunk_863', 'note_chunk_864', 'note_chunk_865', 'note_chunk_866', 'note_chunk_867', 'note_chunk_868', 'note_chunk_869', 'note_chunk_870', 'note_chunk_871', 'note_chunk_872', 'note_chunk_873', 'note_chunk_874', 'note_chunk_875', 'note_chunk_876', 'note_chunk_877', 'note_chunk_878', 'note_chunk_879', 'note_chunk_880', 'note_chunk_881', 'note_chunk_882', 'note_chunk_883', 'note_chunk_884', 'note_chunk_885', 'note_chunk_886', 'note_chunk_887', 'note_chunk_888', 'note_chunk_889', 'note_chunk_890', 'note_chunk_891', 'note_chunk_892', 'note_chunk_893', 'note_chunk_894', 'note_chunk_895', 'note_chunk_896', 'note_chunk_897', 'note_chunk_898', 'note_chunk_899', 'note_chunk_900', 'note_chunk_901', 'note_chunk_902', 'note_chunk_903', 'note_chunk_904', 'note_chunk_905', 'note_chunk_906', 'note_chunk_907', 'note_chunk_908', 'note_chunk_909', 'note_chunk_910', 'note_chunk_911', 'note_chunk_912', 'note_chunk_913', 'note_chunk_914', 'note_chunk_915', 'note_chunk_916', 'note_chunk_917', 'note_chunk_918', 'note_chunk_919', 'note_chunk_920', 'note_chunk_921', 'note_chunk_922', 'note_chunk_923', 'note_chunk_924', 'note_chunk_925', 'note_chunk_926', 'note_chunk_927', 'note_chunk_928', 'note_chunk_929', 'note_chunk_930', 'note_chunk_931', 'note_chunk_932', 'note_chunk_933', 'note_chunk_934', 'note_chunk_935', 'note_chunk_936', 'note_chunk_937', 'note_chunk_938', 'note_chunk_939', 'note_chunk_940', 'note_chunk_941', 'note_chunk_942', 'note_chunk_943', 'note_chunk_944', 'note_chunk_945', 'note_chunk_946', 'note_chunk_947', 'note_chunk_948', 'note_chunk_949', 'note_chunk_950', 'note_chunk_951', 'note_chunk_952', 'note_chunk_953', 'note_chunk_954', 'note_chunk_955', 'note_chunk_956', 'note_chunk_957', 'note_chunk_958', 'note_chunk_959', 'note_chunk_960', 'note_chunk_961', 'note_chunk_962', 'note_chunk_963', 'note_chunk_964', 'note_chunk_965', 'note_chunk_966', 'note_chunk_967', 'note_chunk_968', 'note_chunk_969', 'note_chunk_970', 'note_chunk_971', 'note_chunk_972', 'note_chunk_973', 'note_chunk_974', 'note_chunk_975', 'note_chunk_976', 'note_chunk_977', 'note_chunk_978', 'note_chunk_979', 'note_chunk_980', 'note_chunk_981', 'note_chunk_982', 'note_chunk_983', 'note_chunk_984', 'note_chunk_985', 'note_chunk_986', 'note_chunk_987', 'note_chunk_988', 'note_chunk_989', 'note_chunk_990', 'note_chunk_991', 'note_chunk_992', 'note_chunk_993', 'note_chunk_994', 'note_chunk_995', 'note_chunk_996', 'note_chunk_997', 'note_chunk_998', 'note_chunk_999', 'note_chunk_1000', 'note_chunk_1001', 'note_chunk_1002', 'note_chunk_1003', 'note_chunk_1004', 'note_chunk_1005', 'note_chunk_1006', 'note_chunk_1007', 'note_chunk_1008', 'note_chunk_1009', 'note_chunk_1010', 'note_chunk_1011', 'note_chunk_1012', 'note_chunk_1013', 'note_chunk_1014', 'note_chunk_1015', 'note_chunk_1016', 'note_chunk_1017', 'note_chunk_1018', 'note_chunk_1019', 'note_chunk_1020', 'note_chunk_1021', 'note_chunk_1022', 'note_chunk_1023', 'note_chunk_1024', 'note_chunk_1025', 'note_chunk_1026', 'note_chunk_1027', 'note_chunk_1028']
After filtering, number of rows: 33701
Computing aggregated text embeddings for each patient...
Aggregated text embeddings shape: (33701, 768)
[Epoch 1/10] Train Loss: 0.8690
Probability stats:
Min: [0.06733572 0.27984834]
Mean: [0.4362552 0.506575 ]
Max: [0.85637724 0.64578575]
[Epoch 1/10] Threshold: 0.4 Metrics: {'mortality': {'aucroc': 0.8914394758755773, 'auprc': 0.5716555050138757, 'f1': 0.2801613812849768, 'recall': 0.968215892053973, 'precision': 0.16377561371474944}, 'readmission': {'aucroc': 0.6607202947262304, 'auprc': 0.14850876878714864, 'f1': 0.16617177743860137, 'recall': 0.9907346128391793, 'precision': 0.09069154575470269}}
Probability stats:
Min: [0.06733572 0.27984834]
Mean: [0.43625334 0.506576  ]
Max: [0.85637724 0.64578575]
[Epoch 1/10] Threshold: 0.5 Metrics: {'mortality': {'aucroc': 0.8914394758755773, 'auprc': 0.5716555050138757, 'f1': 0.4144708730950007, 'recall': 0.8725637181409296, 'precision': 0.2717848136732978}, 'readmission': {'aucroc': 0.6607202947262304, 'auprc': 0.14850876878714864, 'f1': 0.20659737912336196, 'recall': 0.7564526803441429, 'precision': 0.11963575465773497}}
[Epoch 2/10] Train Loss: 0.7641
Probability stats:
Min: [0.01736523 0.20371956]
Mean: [0.4247218  0.50076276]
Max: [0.94601804 0.68894774]
[Epoch 2/10] Threshold: 0.4 Metrics: {'mortality': {'aucroc': 0.912989543560565, 'auprc': 0.6399814450889003, 'f1': 0.30838223367205764, 'recall': 0.9691154422788606, 'precision': 0.18336548280948597}, 'readmission': {'aucroc': 0.6701587448209744, 'auprc': 0.15562065152034893, 'f1': 0.1737876647834275, 'recall': 0.9771674387822634, 'precision': 0.0953749757767586}}
Probability stats:
Min: [0.01736523 0.20371956]
Mean: [0.4247214  0.50076556]
Max: [0.94601804 0.68894774]
[Epoch 2/10] Threshold: 0.5 Metrics: {'mortality': {'aucroc': 0.912989543560565, 'auprc': 0.6399814450889003, 'f1': 0.4068362373990253, 'recall': 0.9136431784107946, 'precision': 0.26167983510821025}, 'readmission': {'aucroc': 0.6701587448209744, 'auprc': 0.15562065152034893, 'f1': 0.21759844433641226, 'recall': 0.7405691594970218, 'precision': 0.12753590152723956}}
[Epoch 3/10] Train Loss: 0.7290
Probability stats:
Min: [0.00757958 0.17732581]
Mean: [0.38663372 0.50706667]
Max: [0.9655297 0.70488  ]
[Epoch 3/10] Threshold: 0.4 Metrics: {'mortality': {'aucroc': 0.9217661027222015, 'auprc': 0.6676941400949775, 'f1': 0.3524341051002929, 'recall': 0.9562218890554722, 'precision': 0.2160276385313643}, 'readmission': {'aucroc': 0.6782931071940271, 'auprc': 0.16137726566136357, 'f1': 0.1747486431177151, 'recall': 0.9748510919920582, 'precision': 0.09597654341097898}}
Probability stats:
Min: [0.00757958 0.17732581]
Mean: [0.38663375 0.5070639 ]
Max: [0.9655297 0.70488  ]
[Epoch 3/10] Threshold: 0.5 Metrics: {'mortality': {'aucroc': 0.9217661027222015, 'auprc': 0.6676941400949775, 'f1': 0.45171503957783643, 'recall': 0.8983508245877061, 'precision': 0.3017119838872105}, 'readmission': {'aucroc': 0.6782931071940271, 'auprc': 0.16137726566136357, 'f1': 0.21528774480300014, 'recall': 0.7693580410324289, 'precision': 0.12515476126392852}}
[Epoch 4/10] Train Loss: 0.7113
Probability stats:
Min: [0.005287   0.14955528]
Mean: [0.3709027 0.4865115]
Max: [0.9771922 0.7118014]
[Epoch 4/10] Threshold: 0.4 Metrics: {'mortality': {'aucroc': 0.9272332960174724, 'auprc': 0.6843398819744173, 'f1': 0.3758048319451828, 'recall': 0.9538230884557721, 'precision': 0.2340002942474621}, 'readmission': {'aucroc': 0.6819582446868925, 'auprc': 0.16627750837978356, 'f1': 0.18235387296055758, 'recall': 0.9523494374586366, 'precision': 0.10083032617454367}}
Probability stats:
Min: [0.005287   0.14955528]
Mean: [0.37090144 0.4865142 ]
Max: [0.9771922 0.7118014]
[Epoch 4/10] Threshold: 0.5 Metrics: {'mortality': {'aucroc': 0.9272332960174724, 'auprc': 0.6843398819744173, 'f1': 0.4738383598511834, 'recall': 0.8974512743628186, 'precision': 0.32189718218971825}, 'readmission': {'aucroc': 0.6819582446868925, 'auprc': 0.16627750837978356, 'f1': 0.23026098447307566, 'recall': 0.6919258769027135, 'precision': 0.138110964332893}}
[Epoch 5/10] Train Loss: 0.7001
Probability stats:
Min: [0.00430673 0.14622235]
Mean: [0.37993073 0.49713936]
Max: [0.98409516 0.7249253 ]
[Epoch 5/10] Threshold: 0.4 Metrics: {'mortality': {'aucroc': 0.930468459704153, 'auprc': 0.696871576250838, 'f1': 0.366595976385625, 'recall': 0.9589205397301349, 'precision': 0.2266156462585034}, 'readmission': {'aucroc': 0.6879103907848416, 'auprc': 0.1712878243826129, 'f1': 0.18001176142870406, 'recall': 0.9622766379880874, 'precision': 0.09929320176187387}}
Probability stats:
Min: [0.00430673 0.14622235]
Mean: [0.3799318  0.49713698]
Max: [0.98409516 0.7249253 ]
[Epoch 5/10] Threshold: 0.5 Metrics: {'mortality': {'aucroc': 0.930468459704153, 'auprc': 0.696871576250838, 'f1': 0.45873768148649663, 'recall': 0.9142428785607196, 'precision': 0.306185981120707}, 'readmission': {'aucroc': 0.6879103907848416, 'auprc': 0.1712878243826129, 'f1': 0.2254724567752312, 'recall': 0.7422236929185969, 'precision': 0.13292639563826006}}
[Epoch 6/10] Train Loss: 0.6922
Probability stats:
Min: [0.00337773 0.12771042]
Mean: [0.34710196 0.47932014]
Max: [0.9873296 0.7304698]
[Epoch 6/10] Threshold: 0.4 Metrics: {'mortality': {'aucroc': 0.9331163059055337, 'auprc': 0.7060314671373558, 'f1': 0.4067862211327571, 'recall': 0.9454272863568216, 'precision': 0.2591435851072573}, 'readmission': {'aucroc': 0.6907406573682021, 'auprc': 0.17356002306836787, 'f1': 0.1871137409598948, 'recall': 0.9417604235605559, 'precision': 0.10387619534272574}}
Probability stats:
Min: [0.00337773 0.12771042]
Mean: [0.34710303 0.4793208 ]
Max: [0.9873296 0.7304698]
[Epoch 6/10] Threshold: 0.5 Metrics: {'mortality': {'aucroc': 0.9331163059055337, 'auprc': 0.7060314671373558, 'f1': 0.5038608400509121, 'recall': 0.8902548725637182, 'precision': 0.3513609467455621}, 'readmission': {'aucroc': 0.6907406573682021, 'auprc': 0.17356002306836787, 'f1': 0.23718172305545868, 'recall': 0.6750496360026472, 'precision': 0.14386459802538787}}
[Epoch 7/10] Train Loss: 0.6856
Probability stats:
Min: [0.00337122 0.12634203]
Mean: [0.35085386 0.4791912 ]
Max: [0.9899568 0.7305097]
[Epoch 7/10] Threshold: 0.4 Metrics: {'mortality': {'aucroc': 0.9354008235953155, 'auprc': 0.7143843545950124, 'f1': 0.4054244226955799, 'recall': 0.9502248875562219, 'precision': 0.25768417628882745}, 'readmission': {'aucroc': 0.6949812601263927, 'auprc': 0.17628288298169228, 'f1': 0.1883760909812219, 'recall': 0.942753143613501, 'precision': 0.10464262102402115}}
Probability stats:
Min: [0.00337122 0.12634203]
Mean: [0.35085264 0.479192  ]
Max: [0.9899568 0.7305097]
[Epoch 7/10] Threshold: 0.5 Metrics: {'mortality': {'aucroc': 0.9354008235953155, 'auprc': 0.7143843545950124, 'f1': 0.5009171252292813, 'recall': 0.9007496251874063, 'precision': 0.3469222773992378}, 'readmission': {'aucroc': 0.6949812601263927, 'auprc': 0.17628288298169228, 'f1': 0.23993960861738575, 'recall': 0.6836532097948379, 'precision': 0.14550320445101766}}
[Epoch 8/10] Train Loss: 0.6797
Probability stats:
Min: [0.00341057 0.12414849]
Mean: [0.3386426  0.50117564]
Max: [0.99148387 0.75669366]
[Epoch 8/10] Threshold: 0.4 Metrics: {'mortality': {'aucroc': 0.9376143631405005, 'auprc': 0.7205022383618098, 'f1': 0.4261985145172181, 'recall': 0.9463268365817091, 'precision': 0.2750326797385621}, 'readmission': {'aucroc': 0.6985507734721284, 'auprc': 0.1812466618276196, 'f1': 0.181517430791798, 'recall': 0.9622766379880874, 'precision': 0.10021020710568937}}
Probability stats:
Min: [0.00341057 0.12414849]
Mean: [0.33864385 0.50117904]
Max: [0.99148387 0.75669366]
[Epoch 8/10] Threshold: 0.5 Metrics: {'mortality': {'aucroc': 0.9376143631405005, 'auprc': 0.7205022383618098, 'f1': 0.5222974755915208, 'recall': 0.8902548725637182, 'precision': 0.3695543938262385}, 'readmission': {'aucroc': 0.6985507734721284, 'auprc': 0.1812466618276196, 'f1': 0.22777232580961726, 'recall': 0.7680344142951687, 'precision': 0.13371356147021546}}
[Epoch 9/10] Train Loss: 0.6751
Probability stats:
Min: [0.00325804 0.10878821]
Mean: [0.32212833 0.47494456]
Max: [0.9926496  0.74518025]
[Epoch 9/10] Threshold: 0.4 Metrics: {'mortality': {'aucroc': 0.9393745924903583, 'auprc': 0.7272787136244308, 'f1': 0.4505757114925049, 'recall': 0.9328335832083958, 'precision': 0.297021195340844}, 'readmission': {'aucroc': 0.7005175590224422, 'auprc': 0.18169650661846548, 'f1': 0.19183285849952517, 'recall': 0.9358041032428855, 'precision': 0.10687022900763359}}
Probability stats:
Min: [0.00325804 0.10878821]
Mean: [0.32213032 0.4749456 ]
Max: [0.9926496  0.74518025]
[Epoch 9/10] Threshold: 0.5 Metrics: {'mortality': {'aucroc': 0.9393745924903583, 'auprc': 0.7272787136244308, 'f1': 0.5470085470085471, 'recall': 0.8731634182908545, 'precision': 0.3982494529540481}, 'readmission': {'aucroc': 0.7005175590224422, 'auprc': 0.18169650661846548, 'f1': 0.24221328692312308, 'recall': 0.6677696889477167, 'precision': 0.1479363683014442}}
[Epoch 10/10] Train Loss: 0.6696
Probability stats:
Min: [0.00398806 0.10165291]
Mean: [0.35636997 0.48674574]
Max: [0.9946602 0.7549126]
[Epoch 10/10] Threshold: 0.4 Metrics: {'mortality': {'aucroc': 0.9408959766313247, 'auprc': 0.7321679356418805, 'f1': 0.4058099708232906, 'recall': 0.9592203898050975, 'precision': 0.2573405196685705}, 'readmission': {'aucroc': 0.7045724413613271, 'auprc': 0.18539577839968005, 'f1': 0.18738762300173264, 'recall': 0.9483785572468564, 'precision': 0.10396488555156527}}
Probability stats:
Min: [0.00398806 0.10165291]
Mean: [0.35636812 0.4867454 ]
Max: [0.9946602 0.7549126]
[Epoch 10/10] Threshold: 0.5 Metrics: {'mortality': {'aucroc': 0.9408959766313247, 'auprc': 0.7321679356418805, 'f1': 0.4992222677036431, 'recall': 0.9142428785607196, 'precision': 0.3433558558558559}, 'readmission': {'aucroc': 0.7045724413613271, 'auprc': 0.18539577839968005, 'f1': 0.2385211687537269, 'recall': 0.727994705493051, 'precision': 0.1426256077795786}}
Training complete.

Fairness Evaluation (Mortality Task):
EDDI for Ethnicity: 0.014665086291228032
EDDI for Age Bucket: 0.0
EDDI for Insurance: 0.02152862213799582
Overall EDDI: 0.012064569476407952

Fairness Evaluation (Readmission Task):
EDDI for Ethnicity: 0.01862216309646954
EDDI for Age Bucket: 0.0
EDDI for Insurance: 0.007323463338937716
Overall EDDI: 0.008648542145135753
