
==============================
Running experiment 1 with hyperparameters: {'lr': 1e-05, 'num_epochs': 50, 'lambda_edd': 0.8, 'lambda_l1': 0.01, 'batch_size': 16, 'threshold': 0.5, 'weight_decay': 0.01, 'beta': 1.0}

Using device: cuda

--- Debug Info: Before Merge ---
Structured data shape: (33721, 561)
Unstructured data shape: (33721, 1037)
After filtering, number of rows: 33721
Number of lab feature columns: 542
Computing aggregated text embeddings for each patient...
Aggregated text embeddings shape: (33721, 768)
Train size: 25627, Validation size: 1349, Test size: 6745

--- Demographics Hyperparameters ---
NUM_AGES: 4
NUM_GENDERS: 2
NUM_ETHNICITIES: 3
NUM_INSURANCES: 5
NUM_LAB_FEATURES (tokens): 542
[Epoch 1] Train Loss: 6.7841 | Val Loss: 0.7806
Validation loss improved. Saving model...
[mortality Weight Update] EDDI:
  Demo modality - Overall EDDI: 0.0092
  Lab modality  - Overall EDDI: 0.0092
  Text modality - Overall EDDI: 0.0084
  Maximum EDDI among modalities: 0.0092
[mortality Weight Update] New dynamic weights: {'demo': 0.3330625800906073, 'lab': 0.3330625800906073, 'text': 0.3338748398187854}

[los Weight Update] EDDI:
  Demo modality - Overall EDDI: 0.0165
  Lab modality  - Overall EDDI: 0.0154
  Text modality - Overall EDDI: 0.0165
  Maximum EDDI among modalities: 0.0165
[los Weight Update] New dynamic weights: {'demo': 0.3329737735544623, 'lab': 0.334066261777154, 'text': 0.3329599646683837}

[mechanical_ventilation Weight Update] EDDI:
  Demo modality - Overall EDDI: 0.0310
  Lab modality  - Overall EDDI: 0.0310
  Text modality - Overall EDDI: 0.0310
  Maximum EDDI among modalities: 0.0310
[mechanical_ventilation Weight Update] New dynamic weights: {'demo': 0.33333333333333337, 'lab': 0.33333333333333337, 'text': 0.33333333333333337}

Epoch 1 - mortality dynamic weights: {'demo': 0.3330625800906073, 'lab': 0.3330625800906073, 'text': 0.3338748398187854}
Epoch 1 - los dynamic weights: {'demo': 0.3329737735544623, 'lab': 0.334066261777154, 'text': 0.3329599646683837}
Epoch 1 - mechanical_ventilation dynamic weights: {'demo': 0.33333333333333337, 'lab': 0.33333333333333337, 'text': 0.33333333333333337}
[Epoch 2] Train Loss: 6.6597 | Val Loss: 0.7803
Validation loss improved. Saving model...
[mortality Weight Update] EDDI:
  Demo modality - Overall EDDI: 0.0092
  Lab modality  - Overall EDDI: 0.0092
  Text modality - Overall EDDI: 0.0083
  Maximum EDDI among modalities: 0.0092
[mortality Weight Update] New dynamic weights: {'demo': 0.3327669457774376, 'lab': 0.3327669457774376, 'text': 0.3344661084451248}

[los Weight Update] EDDI:
  Demo modality - Overall EDDI: 0.0150
  Lab modality  - Overall EDDI: 0.0165
  Text modality - Overall EDDI: 0.0165
  Maximum EDDI among modalities: 0.0165
[los Weight Update] New dynamic weights: {'demo': 0.33395027228499435, 'lab': 0.333587109239916, 'text': 0.33246261847508973}

[mechanical_ventilation Weight Update] EDDI:
  Demo modality - Overall EDDI: 0.0310
  Lab modality  - Overall EDDI: 0.0310
  Text modality - Overall EDDI: 0.0310
  Maximum EDDI among modalities: 0.0310
[mechanical_ventilation Weight Update] New dynamic weights: {'demo': 0.33333333333333337, 'lab': 0.33333333333333337, 'text': 0.33333333333333337}

Epoch 2 - mortality dynamic weights: {'demo': 0.3327669457774376, 'lab': 0.3327669457774376, 'text': 0.3344661084451248}
Epoch 2 - los dynamic weights: {'demo': 0.33395027228499435, 'lab': 0.333587109239916, 'text': 0.33246261847508973}
Epoch 2 - mechanical_ventilation dynamic weights: {'demo': 0.33333333333333337, 'lab': 0.33333333333333337, 'text': 0.33333333333333337}
[Epoch 3] Train Loss: 6.5377 | Val Loss: 0.7797
Validation loss improved. Saving model...
[mortality Weight Update] EDDI:
  Demo modality - Overall EDDI: 0.0092
  Lab modality  - Overall EDDI: 0.0092
  Text modality - Overall EDDI: 0.0075
  Maximum EDDI among modalities: 0.0092
[mortality Weight Update] New dynamic weights: {'demo': 0.3321954707629155, 'lab': 0.3321954707629155, 'text': 0.33560905847416905}

[los Weight Update] EDDI:
  Demo modality - Overall EDDI: 0.0160
  Lab modality  - Overall EDDI: 0.0164
  Text modality - Overall EDDI: 0.0165
  Maximum EDDI among modalities: 0.0165
[los Weight Update] New dynamic weights: {'demo': 0.33428232506567424, 'lab': 0.3334879277792208, 'text': 0.3322297471551048}

[mechanical_ventilation Weight Update] EDDI:
  Demo modality - Overall EDDI: 0.0310
  Lab modality  - Overall EDDI: 0.0310
  Text modality - Overall EDDI: 0.0310
  Maximum EDDI among modalities: 0.0310
[mechanical_ventilation Weight Update] New dynamic weights: {'demo': 0.33333333333333337, 'lab': 0.33333333333333337, 'text': 0.33333333333333337}

Epoch 3 - mortality dynamic weights: {'demo': 0.3321954707629155, 'lab': 0.3321954707629155, 'text': 0.33560905847416905}
Epoch 3 - los dynamic weights: {'demo': 0.33428232506567424, 'lab': 0.3334879277792208, 'text': 0.3322297471551048}
Epoch 3 - mechanical_ventilation dynamic weights: {'demo': 0.33333333333333337, 'lab': 0.33333333333333337, 'text': 0.33333333333333337}
[Epoch 4] Train Loss: 6.3741 | Val Loss: 0.5634
Validation loss improved. Saving model...
[mortality Weight Update] EDDI:
  Demo modality - Overall EDDI: 0.0092
  Lab modality  - Overall EDDI: 0.0152
  Text modality - Overall EDDI: 0.0091
  Maximum EDDI among modalities: 0.0152
[mortality Weight Update] New dynamic weights: {'demo': 0.3341601026147303, 'lab': 0.3282366116317362, 'text': 0.3376032857535336}

[los Weight Update] EDDI:
  Demo modality - Overall EDDI: 0.0165
  Lab modality  - Overall EDDI: 0.0010
  Text modality - Overall EDDI: 0.0165
  Maximum EDDI among modalities: 0.0165
[los Weight Update] New dynamic weights: {'demo': 0.3292092989656878, 'lab': 0.3436162254364002, 'text': 0.3271744755979121}

[mechanical_ventilation Weight Update] EDDI:
  Demo modality - Overall EDDI: 0.0310
  Lab modality  - Overall EDDI: 0.0310
  Text modality - Overall EDDI: 0.0310
  Maximum EDDI among modalities: 0.0310
[mechanical_ventilation Weight Update] New dynamic weights: {'demo': 0.33333333333333337, 'lab': 0.33333333333333337, 'text': 0.33333333333333337}

Epoch 4 - mortality dynamic weights: {'demo': 0.3341601026147303, 'lab': 0.3282366116317362, 'text': 0.3376032857535336}
Epoch 4 - los dynamic weights: {'demo': 0.3292092989656878, 'lab': 0.3436162254364002, 'text': 0.3271744755979121}
Epoch 4 - mechanical_ventilation dynamic weights: {'demo': 0.33333333333333337, 'lab': 0.33333333333333337, 'text': 0.33333333333333337}
[Epoch 5] Train Loss: 6.2060 | Val Loss: 0.5431
Validation loss improved. Saving model...
[mortality Weight Update] EDDI:
  Demo modality - Overall EDDI: 0.0092
  Lab modality  - Overall EDDI: 0.0140
  Text modality - Overall EDDI: 0.0090
  Maximum EDDI among modalities: 0.0140
[mortality Weight Update] New dynamic weights: {'demo': 0.3356757520556823, 'lab': 0.3250517894572375, 'text': 0.33927245848708004}

[los Weight Update] EDDI:
  Demo modality - Overall EDDI: 0.0165
  Lab modality  - Overall EDDI: 0.0003
  Text modality - Overall EDDI: 0.0165
  Maximum EDDI among modalities: 0.0165
[los Weight Update] New dynamic weights: {'demo': 0.32397668739646895, 'lab': 0.35406249089782776, 'text': 0.32196082170570334}

[mechanical_ventilation Weight Update] EDDI:
  Demo modality - Overall EDDI: 0.0310
  Lab modality  - Overall EDDI: 0.0310
  Text modality - Overall EDDI: 0.0310
  Maximum EDDI among modalities: 0.0310
[mechanical_ventilation Weight Update] New dynamic weights: {'demo': 0.33333333333333337, 'lab': 0.33333333333333337, 'text': 0.33333333333333337}

Epoch 5 - mortality dynamic weights: {'demo': 0.3356757520556823, 'lab': 0.3250517894572375, 'text': 0.33927245848708004}
Epoch 5 - los dynamic weights: {'demo': 0.32397668739646895, 'lab': 0.35406249089782776, 'text': 0.32196082170570334}
Epoch 5 - mechanical_ventilation dynamic weights: {'demo': 0.33333333333333337, 'lab': 0.33333333333333337, 'text': 0.33333333333333337}
[Epoch 6] Train Loss: 6.1017 | Val Loss: 0.5332
Validation loss improved. Saving model...
[mortality Weight Update] EDDI:
  Demo modality - Overall EDDI: 0.0092
  Lab modality  - Overall EDDI: 0.0139
  Text modality - Overall EDDI: 0.0089
  Maximum EDDI among modalities: 0.0139
[mortality Weight Update] New dynamic weights: {'demo': 0.3371237297570508, 'lab': 0.3219155454606707, 'text': 0.3409607247822786}

[los Weight Update] EDDI:
  Demo modality - Overall EDDI: 0.0165
  Lab modality  - Overall EDDI: 0.0093
  Text modality - Overall EDDI: 0.0165
  Maximum EDDI among modalities: 0.0165
[los Weight Update] New dynamic weights: {'demo': 0.32168248444520864, 'lab': 0.3586570071504465, 'text': 0.31966050840434485}

[mechanical_ventilation Weight Update] EDDI:
  Demo modality - Overall EDDI: 0.0310
  Lab modality  - Overall EDDI: 0.0310
  Text modality - Overall EDDI: 0.0310
  Maximum EDDI among modalities: 0.0310
[mechanical_ventilation Weight Update] New dynamic weights: {'demo': 0.33333333333333337, 'lab': 0.33333333333333337, 'text': 0.33333333333333337}

Epoch 6 - mortality dynamic weights: {'demo': 0.3371237297570508, 'lab': 0.3219155454606707, 'text': 0.3409607247822786}
Epoch 6 - los dynamic weights: {'demo': 0.32168248444520864, 'lab': 0.3586570071504465, 'text': 0.31966050840434485}
Epoch 6 - mechanical_ventilation dynamic weights: {'demo': 0.33333333333333337, 'lab': 0.33333333333333337, 'text': 0.33333333333333337}
[Epoch 7] Train Loss: 5.9889 | Val Loss: 0.5089
Validation loss improved. Saving model...
[mortality Weight Update] EDDI:
  Demo modality - Overall EDDI: 0.0092
  Lab modality  - Overall EDDI: 0.0149
  Text modality - Overall EDDI: 0.0090
  Maximum EDDI among modalities: 0.0149
[mortality Weight Update] New dynamic weights: {'demo': 0.3389095456013147, 'lab': 0.3181776172758503, 'text': 0.3429128371228349}

[los Weight Update] EDDI:
  Demo modality - Overall EDDI: 0.0165
  Lab modality  - Overall EDDI: 0.0048
  Text modality - Overall EDDI: 0.0166
  Maximum EDDI among modalities: 0.0166
[los Weight Update] New dynamic weights: {'demo': 0.3180413356316906, 'lab': 0.366050897496008, 'text': 0.3159077668723015}

[mechanical_ventilation Weight Update] EDDI:
  Demo modality - Overall EDDI: 0.0310
  Lab modality  - Overall EDDI: 0.0310
  Text modality - Overall EDDI: 0.0310
  Maximum EDDI among modalities: 0.0310
[mechanical_ventilation Weight Update] New dynamic weights: {'demo': 0.33333333333333337, 'lab': 0.33333333333333337, 'text': 0.33333333333333337}

Epoch 7 - mortality dynamic weights: {'demo': 0.3389095456013147, 'lab': 0.3181776172758503, 'text': 0.3429128371228349}
Epoch 7 - los dynamic weights: {'demo': 0.3180413356316906, 'lab': 0.366050897496008, 'text': 0.3159077668723015}
Epoch 7 - mechanical_ventilation dynamic weights: {'demo': 0.33333333333333337, 'lab': 0.33333333333333337, 'text': 0.33333333333333337}
[Epoch 8] Train Loss: 5.8875 | Val Loss: 0.5155
No improvement for 1 consecutive epochs.
[mortality Weight Update] EDDI:
  Demo modality - Overall EDDI: 0.0092
  Lab modality  - Overall EDDI: 0.0140
  Text modality - Overall EDDI: 0.0089
  Maximum EDDI among modalities: 0.0140
[mortality Weight Update] New dynamic weights: {'demo': 0.34037119087926787, 'lab': 0.31502003147868324, 'text': 0.3446087776420488}

[los Weight Update] EDDI:
  Demo modality - Overall EDDI: 0.0165
  Lab modality  - Overall EDDI: 0.0058
  Text modality - Overall EDDI: 0.0167
  Maximum EDDI among modalities: 0.0167
[los Weight Update] New dynamic weights: {'demo': 0.3147875513293963, 'lab': 0.3727609661134657, 'text': 0.31245148255713795}

[mechanical_ventilation Weight Update] EDDI:
  Demo modality - Overall EDDI: 0.0310
  Lab modality  - Overall EDDI: 0.0310
  Text modality - Overall EDDI: 0.0310
  Maximum EDDI among modalities: 0.0310
[mechanical_ventilation Weight Update] New dynamic weights: {'demo': 0.33333333333333337, 'lab': 0.33333333333333337, 'text': 0.33333333333333337}

Epoch 8 - mortality dynamic weights: {'demo': 0.34037119087926787, 'lab': 0.31502003147868324, 'text': 0.3446087776420488}
Epoch 8 - los dynamic weights: {'demo': 0.3147875513293963, 'lab': 0.3727609661134657, 'text': 0.31245148255713795}
Epoch 8 - mechanical_ventilation dynamic weights: {'demo': 0.33333333333333337, 'lab': 0.33333333333333337, 'text': 0.33333333333333337}
[Epoch 9] Train Loss: 5.7795 | Val Loss: 0.5420
No improvement for 2 consecutive epochs.
[mortality Weight Update] EDDI:
  Demo modality - Overall EDDI: 0.0092
  Lab modality  - Overall EDDI: 0.0118
  Text modality - Overall EDDI: 0.0090
  Maximum EDDI among modalities: 0.0118
[mortality Weight Update] New dynamic weights: {'demo': 0.34113679396250596, 'lab': 0.31330877365013937, 'text': 0.3455544323873547}

[los Weight Update] EDDI:
  Demo modality - Overall EDDI: 0.0165
  Lab modality  - Overall EDDI: 0.0063
  Text modality - Overall EDDI: 0.0175
  Maximum EDDI among modalities: 0.0175
[los Weight Update] New dynamic weights: {'demo': 0.31200476552204176, 'lab': 0.3793336995123765, 'text': 0.30866153496558163}

[mechanical_ventilation Weight Update] EDDI:
  Demo modality - Overall EDDI: 0.0310
  Lab modality  - Overall EDDI: 0.0310
  Text modality - Overall EDDI: 0.0310
  Maximum EDDI among modalities: 0.0310
[mechanical_ventilation Weight Update] New dynamic weights: {'demo': 0.33333333333333337, 'lab': 0.33333333333333337, 'text': 0.33333333333333337}

Epoch 9 - mortality dynamic weights: {'demo': 0.34113679396250596, 'lab': 0.31330877365013937, 'text': 0.3455544323873547}
Epoch 9 - los dynamic weights: {'demo': 0.31200476552204176, 'lab': 0.3793336995123765, 'text': 0.30866153496558163}
Epoch 9 - mechanical_ventilation dynamic weights: {'demo': 0.33333333333333337, 'lab': 0.33333333333333337, 'text': 0.33333333333333337}
[Epoch 10] Train Loss: 5.6756 | Val Loss: 0.5047
Validation loss improved. Saving model...
[mortality Weight Update] EDDI:
  Demo modality - Overall EDDI: 0.0092
  Lab modality  - Overall EDDI: 0.0145
  Text modality - Overall EDDI: 0.0089
  Maximum EDDI among modalities: 0.0145
[mortality Weight Update] New dynamic weights: {'demo': 0.34271333831163087, 'lab': 0.3099380289468135, 'text': 0.3473486327415557}

[los Weight Update] EDDI:
  Demo modality - Overall EDDI: 0.0165
  Lab modality  - Overall EDDI: 0.0077
  Text modality - Overall EDDI: 0.0179
  Maximum EDDI among modalities: 0.0179
[los Weight Update] New dynamic weights: {'demo': 0.30983146578134585, 'lab': 0.3850430419803477, 'text': 0.3051254922383065}

[mechanical_ventilation Weight Update] EDDI:
  Demo modality - Overall EDDI: 0.0310
  Lab modality  - Overall EDDI: 0.0310
  Text modality - Overall EDDI: 0.0310
  Maximum EDDI among modalities: 0.0310
[mechanical_ventilation Weight Update] New dynamic weights: {'demo': 0.33333333333333337, 'lab': 0.33333333333333337, 'text': 0.33333333333333337}

Epoch 10 - mortality dynamic weights: {'demo': 0.34271333831163087, 'lab': 0.3099380289468135, 'text': 0.3473486327415557}
Epoch 10 - los dynamic weights: {'demo': 0.30983146578134585, 'lab': 0.3850430419803477, 'text': 0.3051254922383065}
Epoch 10 - mechanical_ventilation dynamic weights: {'demo': 0.33333333333333337, 'lab': 0.33333333333333337, 'text': 0.33333333333333337}
[Epoch 11] Train Loss: 5.5703 | Val Loss: 0.4966
Validation loss improved. Saving model...
[mortality Weight Update] EDDI:
  Demo modality - Overall EDDI: 0.0092
  Lab modality  - Overall EDDI: 0.0145
  Text modality - Overall EDDI: 0.0089
  Maximum EDDI among modalities: 0.0145
[mortality Weight Update] New dynamic weights: {'demo': 0.3442799183036695, 'lab': 0.3066157034273042, 'text': 0.3491043782690263}

[los Weight Update] EDDI:
  Demo modality - Overall EDDI: 0.0165
  Lab modality  - Overall EDDI: 0.0052
  Text modality - Overall EDDI: 0.0185
  Maximum EDDI among modalities: 0.0185
[los Weight Update] New dynamic weights: {'demo': 0.3071447411832385, 'lab': 0.3923276581899625, 'text': 0.3005276006267989}

[mechanical_ventilation Weight Update] EDDI:
  Demo modality - Overall EDDI: 0.0310
  Lab modality  - Overall EDDI: 0.0310
  Text modality - Overall EDDI: 0.0310
  Maximum EDDI among modalities: 0.0310
[mechanical_ventilation Weight Update] New dynamic weights: {'demo': 0.33333333333333337, 'lab': 0.33333333333333337, 'text': 0.33333333333333337}

Epoch 11 - mortality dynamic weights: {'demo': 0.3442799183036695, 'lab': 0.3066157034273042, 'text': 0.3491043782690263}
Epoch 11 - los dynamic weights: {'demo': 0.3071447411832385, 'lab': 0.3923276581899625, 'text': 0.3005276006267989}
Epoch 11 - mechanical_ventilation dynamic weights: {'demo': 0.33333333333333337, 'lab': 0.33333333333333337, 'text': 0.33333333333333337}
[Epoch 12] Train Loss: 5.4632 | Val Loss: 0.4957
Validation loss improved. Saving model...
[mortality Weight Update] EDDI:
  Demo modality - Overall EDDI: 0.0092
  Lab modality  - Overall EDDI: 0.0142
  Text modality - Overall EDDI: 0.0089
  Maximum EDDI among modalities: 0.0142
[mortality Weight Update] New dynamic weights: {'demo': 0.34575449496044236, 'lab': 0.30348408752380024, 'text': 0.35076141751575746}

[los Weight Update] EDDI:
  Demo modality - Overall EDDI: 0.0165
  Lab modality  - Overall EDDI: 0.0177
  Text modality - Overall EDDI: 0.0185
  Maximum EDDI among modalities: 0.0185
[los Weight Update] New dynamic weights: {'demo': 0.3083346803704528, 'lab': 0.39201809625473283, 'text': 0.29964722337481425}

[mechanical_ventilation Weight Update] EDDI:
  Demo modality - Overall EDDI: 0.0310
  Lab modality  - Overall EDDI: 0.0310
  Text modality - Overall EDDI: 0.0310
  Maximum EDDI among modalities: 0.0310
[mechanical_ventilation Weight Update] New dynamic weights: {'demo': 0.33333333333333337, 'lab': 0.33333333333333337, 'text': 0.33333333333333337}

Epoch 12 - mortality dynamic weights: {'demo': 0.34575449496044236, 'lab': 0.30348408752380024, 'text': 0.35076141751575746}
Epoch 12 - los dynamic weights: {'demo': 0.3083346803704528, 'lab': 0.39201809625473283, 'text': 0.29964722337481425}
Epoch 12 - mechanical_ventilation dynamic weights: {'demo': 0.33333333333333337, 'lab': 0.33333333333333337, 'text': 0.33333333333333337}
[Epoch 13] Train Loss: 5.3640 | Val Loss: 0.4736
Validation loss improved. Saving model...
[mortality Weight Update] EDDI:
  Demo modality - Overall EDDI: 0.0092
  Lab modality  - Overall EDDI: 0.0149
  Text modality - Overall EDDI: 0.0089
  Maximum EDDI among modalities: 0.0149
[mortality Weight Update] New dynamic weights: {'demo': 0.3474149529234184, 'lab': 0.29997456676740586, 'text': 0.35261048030917574}

[los Weight Update] EDDI:
  Demo modality - Overall EDDI: 0.0165
  Lab modality  - Overall EDDI: 0.0158
  Text modality - Overall EDDI: 0.0194
  Maximum EDDI among modalities: 0.0194
[los Weight Update] New dynamic weights: {'demo': 0.30927806536991664, 'lab': 0.3930176474755622, 'text': 0.2977042871545212}

[mechanical_ventilation Weight Update] EDDI:
  Demo modality - Overall EDDI: 0.0310
  Lab modality  - Overall EDDI: 0.0310
  Text modality - Overall EDDI: 0.0310
  Maximum EDDI among modalities: 0.0310
[mechanical_ventilation Weight Update] New dynamic weights: {'demo': 0.33333333333333337, 'lab': 0.33333333333333337, 'text': 0.33333333333333337}

Epoch 13 - mortality dynamic weights: {'demo': 0.3474149529234184, 'lab': 0.29997456676740586, 'text': 0.35261048030917574}
Epoch 13 - los dynamic weights: {'demo': 0.30927806536991664, 'lab': 0.3930176474755622, 'text': 0.2977042871545212}
Epoch 13 - mechanical_ventilation dynamic weights: {'demo': 0.33333333333333337, 'lab': 0.33333333333333337, 'text': 0.33333333333333337}
[Epoch 14] Train Loss: 5.2623 | Val Loss: 0.4624
Validation loss improved. Saving model...
[mortality Weight Update] EDDI:
  Demo modality - Overall EDDI: 0.0092
  Lab modality  - Overall EDDI: 0.0150
  Text modality - Overall EDDI: 0.0091
  Maximum EDDI among modalities: 0.0150
[mortality Weight Update] New dynamic weights: {'demo': 0.3491336075165193, 'lab': 0.29648636291706065, 'text': 0.3543800295664199}

[los Weight Update] EDDI:
  Demo modality - Overall EDDI: 0.0165
  Lab modality  - Overall EDDI: 0.0235
  Text modality - Overall EDDI: 0.0193
  Maximum EDDI among modalities: 0.0235
[los Weight Update] New dynamic weights: {'demo': 0.3127949239703222, 'lab': 0.38862492025530676, 'text': 0.298580155774371}

[mechanical_ventilation Weight Update] EDDI:
  Demo modality - Overall EDDI: 0.0310
  Lab modality  - Overall EDDI: 0.0310
  Text modality - Overall EDDI: 0.0310
  Maximum EDDI among modalities: 0.0310
[mechanical_ventilation Weight Update] New dynamic weights: {'demo': 0.33333333333333337, 'lab': 0.33333333333333337, 'text': 0.33333333333333337}

Epoch 14 - mortality dynamic weights: {'demo': 0.3491336075165193, 'lab': 0.29648636291706065, 'text': 0.3543800295664199}
Epoch 14 - los dynamic weights: {'demo': 0.3127949239703222, 'lab': 0.38862492025530676, 'text': 0.298580155774371}
Epoch 14 - mechanical_ventilation dynamic weights: {'demo': 0.33333333333333337, 'lab': 0.33333333333333337, 'text': 0.33333333333333337}
[Epoch 15] Train Loss: 5.1594 | Val Loss: 0.4631
No improvement for 1 consecutive epochs.
[mortality Weight Update] EDDI:
  Demo modality - Overall EDDI: 0.0092
  Lab modality  - Overall EDDI: 0.0149
  Text modality - Overall EDDI: 0.0089
  Maximum EDDI among modalities: 0.0149
[mortality Weight Update] New dynamic weights: {'demo': 0.3507624365589101, 'lab': 0.29305599226138235, 'text': 0.3561815711797075}

[los Weight Update] EDDI:
  Demo modality - Overall EDDI: 0.0165
  Lab modality  - Overall EDDI: 0.0201
  Text modality - Overall EDDI: 0.0196
  Maximum EDDI among modalities: 0.0201
[los Weight Update] New dynamic weights: {'demo': 0.31515215229856236, 'lab': 0.38702998624356855, 'text': 0.29781786145786904}

[mechanical_ventilation Weight Update] EDDI:
  Demo modality - Overall EDDI: 0.0310
  Lab modality  - Overall EDDI: 0.0310
  Text modality - Overall EDDI: 0.0310
  Maximum EDDI among modalities: 0.0310
[mechanical_ventilation Weight Update] New dynamic weights: {'demo': 0.33333333333333337, 'lab': 0.33333333333333337, 'text': 0.33333333333333337}

Epoch 15 - mortality dynamic weights: {'demo': 0.3507624365589101, 'lab': 0.29305599226138235, 'text': 0.3561815711797075}
Epoch 15 - los dynamic weights: {'demo': 0.31515215229856236, 'lab': 0.38702998624356855, 'text': 0.29781786145786904}
Epoch 15 - mechanical_ventilation dynamic weights: {'demo': 0.33333333333333337, 'lab': 0.33333333333333337, 'text': 0.33333333333333337}
[Epoch 16] Train Loss: 5.0639 | Val Loss: 0.4680
No improvement for 2 consecutive epochs.
[mortality Weight Update] EDDI:
  Demo modality - Overall EDDI: 0.0092
  Lab modality  - Overall EDDI: 0.0143
  Text modality - Overall EDDI: 0.0092
  Maximum EDDI among modalities: 0.0143
[mortality Weight Update] New dynamic weights: {'demo': 0.3522771592902991, 'lab': 0.2900984436022404, 'text': 0.35762439710746036}

[los Weight Update] EDDI:
  Demo modality - Overall EDDI: 0.0165
  Lab modality  - Overall EDDI: 0.0194
  Text modality - Overall EDDI: 0.0187
  Maximum EDDI among modalities: 0.0194
[los Weight Update] New dynamic weights: {'demo': 0.3169681603351528, 'lab': 0.38561779349679515, 'text': 0.29741404616805217}

[mechanical_ventilation Weight Update] EDDI:
  Demo modality - Overall EDDI: 0.0310
  Lab modality  - Overall EDDI: 0.0310
  Text modality - Overall EDDI: 0.0310
  Maximum EDDI among modalities: 0.0310
[mechanical_ventilation Weight Update] New dynamic weights: {'demo': 0.33333333333333337, 'lab': 0.33333333333333337, 'text': 0.33333333333333337}

Epoch 16 - mortality dynamic weights: {'demo': 0.3522771592902991, 'lab': 0.2900984436022404, 'text': 0.35762439710746036}
Epoch 16 - los dynamic weights: {'demo': 0.3169681603351528, 'lab': 0.38561779349679515, 'text': 0.29741404616805217}
Epoch 16 - mechanical_ventilation dynamic weights: {'demo': 0.33333333333333337, 'lab': 0.33333333333333337, 'text': 0.33333333333333337}
[Epoch 17] Train Loss: 4.9721 | Val Loss: 0.4670
No improvement for 3 consecutive epochs.
[mortality Weight Update] EDDI:
  Demo modality - Overall EDDI: 0.0092
  Lab modality  - Overall EDDI: 0.0137
  Text modality - Overall EDDI: 0.0092
  Maximum EDDI among modalities: 0.0137
[mortality Weight Update] New dynamic weights: {'demo': 0.35361379715238334, 'lab': 0.2874907598952359, 'text': 0.35889544295238085}

[los Weight Update] EDDI:
  Demo modality - Overall EDDI: 0.0165
  Lab modality  - Overall EDDI: 0.0195
  Text modality - Overall EDDI: 0.0194
  Maximum EDDI among modalities: 0.0195
[los Weight Update] New dynamic weights: {'demo': 0.31903013321352625, 'lab': 0.38441128600406976, 'text': 0.296558580782404}

[mechanical_ventilation Weight Update] EDDI:
  Demo modality - Overall EDDI: 0.0310
  Lab modality  - Overall EDDI: 0.0310
  Text modality - Overall EDDI: 0.0310
  Maximum EDDI among modalities: 0.0310
[mechanical_ventilation Weight Update] New dynamic weights: {'demo': 0.33333333333333337, 'lab': 0.33333333333333337, 'text': 0.33333333333333337}

Epoch 17 - mortality dynamic weights: {'demo': 0.35361379715238334, 'lab': 0.2874907598952359, 'text': 0.35889544295238085}
Epoch 17 - los dynamic weights: {'demo': 0.31903013321352625, 'lab': 0.38441128600406976, 'text': 0.296558580782404}
Epoch 17 - mechanical_ventilation dynamic weights: {'demo': 0.33333333333333337, 'lab': 0.33333333333333337, 'text': 0.33333333333333337}
[Epoch 18] Train Loss: 4.8972 | Val Loss: 0.4397
Validation loss improved. Saving model...
[mortality Weight Update] EDDI:
  Demo modality - Overall EDDI: 0.0092
  Lab modality  - Overall EDDI: 0.0149
  Text modality - Overall EDDI: 0.0091
  Maximum EDDI among modalities: 0.0149
[mortality Weight Update] New dynamic weights: {'demo': 0.35524839043325396, 'lab': 0.284237931319647, 'text': 0.3605136782470991}

[los Weight Update] EDDI:
  Demo modality - Overall EDDI: 0.0165
  Lab modality  - Overall EDDI: 0.0204
  Text modality - Overall EDDI: 0.0197
  Maximum EDDI among modalities: 0.0204
[los Weight Update] New dynamic weights: {'demo': 0.3214797220800186, 'lab': 0.38261740435992314, 'text': 0.2959028735600584}

[mechanical_ventilation Weight Update] EDDI:
  Demo modality - Overall EDDI: 0.0310
  Lab modality  - Overall EDDI: 0.0310
  Text modality - Overall EDDI: 0.0310
  Maximum EDDI among modalities: 0.0310
[mechanical_ventilation Weight Update] New dynamic weights: {'demo': 0.33333333333333337, 'lab': 0.33333333333333337, 'text': 0.33333333333333337}

Epoch 18 - mortality dynamic weights: {'demo': 0.35524839043325396, 'lab': 0.284237931319647, 'text': 0.3605136782470991}
Epoch 18 - los dynamic weights: {'demo': 0.3214797220800186, 'lab': 0.38261740435992314, 'text': 0.2959028735600584}
Epoch 18 - mechanical_ventilation dynamic weights: {'demo': 0.33333333333333337, 'lab': 0.33333333333333337, 'text': 0.33333333333333337}
[Epoch 19] Train Loss: 4.8848 | Val Loss: 0.4381
Validation loss improved. Saving model...
[mortality Weight Update] EDDI:
  Demo modality - Overall EDDI: 0.0092
  Lab modality  - Overall EDDI: 0.0151
  Text modality - Overall EDDI: 0.0091
  Maximum EDDI among modalities: 0.0151
[mortality Weight Update] New dynamic weights: {'demo': 0.356919397189544, 'lab': 0.2809141043210842, 'text': 0.3621664984893717}

[los Weight Update] EDDI:
  Demo modality - Overall EDDI: 0.0165
  Lab modality  - Overall EDDI: 0.0202
  Text modality - Overall EDDI: 0.0199
  Maximum EDDI among modalities: 0.0202
[los Weight Update] New dynamic weights: {'demo': 0.3238948359584635, 'lab': 0.38107119264522116, 'text': 0.2950339713963152}

[mechanical_ventilation Weight Update] EDDI:
  Demo modality - Overall EDDI: 0.0310
  Lab modality  - Overall EDDI: 0.0310
  Text modality - Overall EDDI: 0.0310
  Maximum EDDI among modalities: 0.0310
[mechanical_ventilation Weight Update] New dynamic weights: {'demo': 0.33333333333333337, 'lab': 0.33333333333333337, 'text': 0.33333333333333337}

Epoch 19 - mortality dynamic weights: {'demo': 0.356919397189544, 'lab': 0.2809141043210842, 'text': 0.3621664984893717}
Epoch 19 - los dynamic weights: {'demo': 0.3238948359584635, 'lab': 0.38107119264522116, 'text': 0.2950339713963152}
Epoch 19 - mechanical_ventilation dynamic weights: {'demo': 0.33333333333333337, 'lab': 0.33333333333333337, 'text': 0.33333333333333337}
[Epoch 20] Train Loss: 4.8737 | Val Loss: 0.4364
Validation loss improved. Saving model...
[mortality Weight Update] EDDI:
  Demo modality - Overall EDDI: 0.0092
  Lab modality  - Overall EDDI: 0.0151
  Text modality - Overall EDDI: 0.0092
  Maximum EDDI among modalities: 0.0151
[mortality Weight Update] New dynamic weights: {'demo': 0.35861135486611, 'lab': 0.2776093933907184, 'text': 0.36377925174317155}

[los Weight Update] EDDI:
  Demo modality - Overall EDDI: 0.0165
  Lab modality  - Overall EDDI: 0.0202
  Text modality - Overall EDDI: 0.0199
  Maximum EDDI among modalities: 0.0202
[los Weight Update] New dynamic weights: {'demo': 0.32632800871665124, 'lab': 0.379574711427691, 'text': 0.2940972798556577}

[mechanical_ventilation Weight Update] EDDI:
  Demo modality - Overall EDDI: 0.0310
  Lab modality  - Overall EDDI: 0.0310
  Text modality - Overall EDDI: 0.0310
  Maximum EDDI among modalities: 0.0310
[mechanical_ventilation Weight Update] New dynamic weights: {'demo': 0.33333333333333337, 'lab': 0.33333333333333337, 'text': 0.33333333333333337}

Epoch 20 - mortality dynamic weights: {'demo': 0.35861135486611, 'lab': 0.2776093933907184, 'text': 0.36377925174317155}
Epoch 20 - los dynamic weights: {'demo': 0.32632800871665124, 'lab': 0.379574711427691, 'text': 0.2940972798556577}
Epoch 20 - mechanical_ventilation dynamic weights: {'demo': 0.33333333333333337, 'lab': 0.33333333333333337, 'text': 0.33333333333333337}
[Epoch 21] Train Loss: 4.8660 | Val Loss: 0.4352
Validation loss improved. Saving model...
[mortality Weight Update] EDDI:
  Demo modality - Overall EDDI: 0.0092
  Lab modality  - Overall EDDI: 0.0149
  Text modality - Overall EDDI: 0.0092
  Maximum EDDI among modalities: 0.0149
[mortality Weight Update] New dynamic weights: {'demo': 0.36020521000307093, 'lab': 0.27449710715112546, 'text': 0.3652976828458036}

[los Weight Update] EDDI:
  Demo modality - Overall EDDI: 0.0165
  Lab modality  - Overall EDDI: 0.0204
  Text modality - Overall EDDI: 0.0199
  Maximum EDDI among modalities: 0.0204
[los Weight Update] New dynamic weights: {'demo': 0.3288119852787316, 'lab': 0.37794456464011417, 'text': 0.29324345008115427}

[mechanical_ventilation Weight Update] EDDI:
  Demo modality - Overall EDDI: 0.0310
  Lab modality  - Overall EDDI: 0.0310
  Text modality - Overall EDDI: 0.0310
  Maximum EDDI among modalities: 0.0310
[mechanical_ventilation Weight Update] New dynamic weights: {'demo': 0.33333333333333337, 'lab': 0.33333333333333337, 'text': 0.33333333333333337}

Epoch 21 - mortality dynamic weights: {'demo': 0.36020521000307093, 'lab': 0.27449710715112546, 'text': 0.3652976828458036}
Epoch 21 - los dynamic weights: {'demo': 0.3288119852787316, 'lab': 0.37794456464011417, 'text': 0.29324345008115427}
Epoch 21 - mechanical_ventilation dynamic weights: {'demo': 0.33333333333333337, 'lab': 0.33333333333333337, 'text': 0.33333333333333337}
[Epoch 22] Train Loss: 4.8564 | Val Loss: 0.4326
Validation loss improved. Saving model...
[mortality Weight Update] EDDI:
  Demo modality - Overall EDDI: 0.0092
  Lab modality  - Overall EDDI: 0.0149
  Text modality - Overall EDDI: 0.0092
  Maximum EDDI among modalities: 0.0149
[mortality Weight Update] New dynamic weights: {'demo': 0.3617832928062616, 'lab': 0.27141559610658483, 'text': 0.3668011110871536}

[los Weight Update] EDDI:
  Demo modality - Overall EDDI: 0.0165
  Lab modality  - Overall EDDI: 0.0205
  Text modality - Overall EDDI: 0.0200
  Maximum EDDI among modalities: 0.0205
[los Weight Update] New dynamic weights: {'demo': 0.33134801688466897, 'lab': 0.37620112394170113, 'text': 0.29245085917362984}

[mechanical_ventilation Weight Update] EDDI:
  Demo modality - Overall EDDI: 0.0310
  Lab modality  - Overall EDDI: 0.0310
  Text modality - Overall EDDI: 0.0310
  Maximum EDDI among modalities: 0.0310
[mechanical_ventilation Weight Update] New dynamic weights: {'demo': 0.33333333333333337, 'lab': 0.33333333333333337, 'text': 0.33333333333333337}

Epoch 22 - mortality dynamic weights: {'demo': 0.3617832928062616, 'lab': 0.27141559610658483, 'text': 0.3668011110871536}
Epoch 22 - los dynamic weights: {'demo': 0.33134801688466897, 'lab': 0.37620112394170113, 'text': 0.29245085917362984}
Epoch 22 - mechanical_ventilation dynamic weights: {'demo': 0.33333333333333337, 'lab': 0.33333333333333337, 'text': 0.33333333333333337}
[Epoch 23] Train Loss: 4.8481 | Val Loss: 0.4315
Validation loss improved. Saving model...
[mortality Weight Update] EDDI:
  Demo modality - Overall EDDI: 0.0092
  Lab modality  - Overall EDDI: 0.0149
  Text modality - Overall EDDI: 0.0092
  Maximum EDDI among modalities: 0.0149
[mortality Weight Update] New dynamic weights: {'demo': 0.3633443834354572, 'lab': 0.2683672575083341, 'text': 0.3682883590562087}

[los Weight Update] EDDI:
  Demo modality - Overall EDDI: 0.0165
  Lab modality  - Overall EDDI: 0.0209
  Text modality - Overall EDDI: 0.0199
  Maximum EDDI among modalities: 0.0209
[los Weight Update] New dynamic weights: {'demo': 0.3340064107897629, 'lab': 0.37414106208382897, 'text': 0.291852527126408}

[mechanical_ventilation Weight Update] EDDI:
  Demo modality - Overall EDDI: 0.0310
  Lab modality  - Overall EDDI: 0.0310
  Text modality - Overall EDDI: 0.0310
  Maximum EDDI among modalities: 0.0310
[mechanical_ventilation Weight Update] New dynamic weights: {'demo': 0.33333333333333337, 'lab': 0.33333333333333337, 'text': 0.33333333333333337}

Epoch 23 - mortality dynamic weights: {'demo': 0.3633443834354572, 'lab': 0.2683672575083341, 'text': 0.3682883590562087}
Epoch 23 - los dynamic weights: {'demo': 0.3340064107897629, 'lab': 0.37414106208382897, 'text': 0.291852527126408}
Epoch 23 - mechanical_ventilation dynamic weights: {'demo': 0.33333333333333337, 'lab': 0.33333333333333337, 'text': 0.33333333333333337}
[Epoch 24] Train Loss: 4.8373 | Val Loss: 0.4307
Validation loss improved. Saving model...
[mortality Weight Update] EDDI:
  Demo modality - Overall EDDI: 0.0092
  Lab modality  - Overall EDDI: 0.0149
  Text modality - Overall EDDI: 0.0092
  Maximum EDDI among modalities: 0.0149
[mortality Weight Update] New dynamic weights: {'demo': 0.3649020127825176, 'lab': 0.2653255194322076, 'text': 0.3697724677852749}

[los Weight Update] EDDI:
  Demo modality - Overall EDDI: 0.0165
  Lab modality  - Overall EDDI: 0.0201
  Text modality - Overall EDDI: 0.0196
  Maximum EDDI among modalities: 0.0201
[los Weight Update] New dynamic weights: {'demo': 0.3362685747609948, 'lab': 0.37257857049988324, 'text': 0.29115285473912195}

[mechanical_ventilation Weight Update] EDDI:
  Demo modality - Overall EDDI: 0.0310
  Lab modality  - Overall EDDI: 0.0310
  Text modality - Overall EDDI: 0.0310
  Maximum EDDI among modalities: 0.0310
[mechanical_ventilation Weight Update] New dynamic weights: {'demo': 0.33333333333333337, 'lab': 0.33333333333333337, 'text': 0.33333333333333337}

Epoch 24 - mortality dynamic weights: {'demo': 0.3649020127825176, 'lab': 0.2653255194322076, 'text': 0.3697724677852749}
Epoch 24 - los dynamic weights: {'demo': 0.3362685747609948, 'lab': 0.37257857049988324, 'text': 0.29115285473912195}
Epoch 24 - mechanical_ventilation dynamic weights: {'demo': 0.33333333333333337, 'lab': 0.33333333333333337, 'text': 0.33333333333333337}
[Epoch 25] Train Loss: 4.8272 | Val Loss: 0.4312
No improvement for 1 consecutive epochs.
[mortality Weight Update] EDDI:
  Demo modality - Overall EDDI: 0.0092
  Lab modality  - Overall EDDI: 0.0148
  Text modality - Overall EDDI: 0.0092
  Maximum EDDI among modalities: 0.0148
[mortality Weight Update] New dynamic weights: {'demo': 0.36642311012887224, 'lab': 0.2623553339275715, 'text': 0.37122155594355644}

[los Weight Update] EDDI:
  Demo modality - Overall EDDI: 0.0165
  Lab modality  - Overall EDDI: 0.0199
  Text modality - Overall EDDI: 0.0193
  Maximum EDDI among modalities: 0.0199
[los Weight Update] New dynamic weights: {'demo': 0.33834451725664816, 'lab': 0.371077047937387, 'text': 0.29057843480596485}

[mechanical_ventilation Weight Update] EDDI:
  Demo modality - Overall EDDI: 0.0310
  Lab modality  - Overall EDDI: 0.0310
  Text modality - Overall EDDI: 0.0310
  Maximum EDDI among modalities: 0.0310
[mechanical_ventilation Weight Update] New dynamic weights: {'demo': 0.33333333333333337, 'lab': 0.33333333333333337, 'text': 0.33333333333333337}

Epoch 25 - mortality dynamic weights: {'demo': 0.36642311012887224, 'lab': 0.2623553339275715, 'text': 0.37122155594355644}
Epoch 25 - los dynamic weights: {'demo': 0.33834451725664816, 'lab': 0.371077047937387, 'text': 0.29057843480596485}
Epoch 25 - mechanical_ventilation dynamic weights: {'demo': 0.33333333333333337, 'lab': 0.33333333333333337, 'text': 0.33333333333333337}
[Epoch 26] Train Loss: 4.8159 | Val Loss: 0.4293
Validation loss improved. Saving model...
[mortality Weight Update] EDDI:
  Demo modality - Overall EDDI: 0.0092
  Lab modality  - Overall EDDI: 0.0148
  Text modality - Overall EDDI: 0.0091
  Maximum EDDI among modalities: 0.0148
[mortality Weight Update] New dynamic weights: {'demo': 0.36788199977828046, 'lab': 0.2594473300802249, 'text': 0.3726706701414945}

[los Weight Update] EDDI:
  Demo modality - Overall EDDI: 0.0165
  Lab modality  - Overall EDDI: 0.0205
  Text modality - Overall EDDI: 0.0200
  Maximum EDDI among modalities: 0.0205
[los Weight Update] New dynamic weights: {'demo': 0.3408248204620554, 'lab': 0.3693868868894557, 'text': 0.2897882926484888}

[mechanical_ventilation Weight Update] EDDI:
  Demo modality - Overall EDDI: 0.0310
  Lab modality  - Overall EDDI: 0.0310
  Text modality - Overall EDDI: 0.0310
  Maximum EDDI among modalities: 0.0310
[mechanical_ventilation Weight Update] New dynamic weights: {'demo': 0.33333333333333337, 'lab': 0.33333333333333337, 'text': 0.33333333333333337}

Epoch 26 - mortality dynamic weights: {'demo': 0.36788199977828046, 'lab': 0.2594473300802249, 'text': 0.3726706701414945}
Epoch 26 - los dynamic weights: {'demo': 0.3408248204620554, 'lab': 0.3693868868894557, 'text': 0.2897882926484888}
Epoch 26 - mechanical_ventilation dynamic weights: {'demo': 0.33333333333333337, 'lab': 0.33333333333333337, 'text': 0.33333333333333337}
[Epoch 27] Train Loss: 4.8076 | Val Loss: 0.4273
Validation loss improved. Saving model...
[mortality Weight Update] EDDI:
  Demo modality - Overall EDDI: 0.0092
  Lab modality  - Overall EDDI: 0.0149
  Text modality - Overall EDDI: 0.0091
  Maximum EDDI among modalities: 0.0149
[mortality Weight Update] New dynamic weights: {'demo': 0.369350851575768, 'lab': 0.2565202493016086, 'text': 0.3741288991226234}

[los Weight Update] EDDI:
  Demo modality - Overall EDDI: 0.0165
  Lab modality  - Overall EDDI: 0.0196
  Text modality - Overall EDDI: 0.0195
  Maximum EDDI among modalities: 0.0196
[los Weight Update] New dynamic weights: {'demo': 0.34283515845088747, 'lab': 0.3681937958110959, 'text': 0.2889710457380167}

[mechanical_ventilation Weight Update] EDDI:
  Demo modality - Overall EDDI: 0.0310
  Lab modality  - Overall EDDI: 0.0310
  Text modality - Overall EDDI: 0.0310
  Maximum EDDI among modalities: 0.0310
[mechanical_ventilation Weight Update] New dynamic weights: {'demo': 0.33333333333333337, 'lab': 0.33333333333333337, 'text': 0.33333333333333337}

Epoch 27 - mortality dynamic weights: {'demo': 0.369350851575768, 'lab': 0.2565202493016086, 'text': 0.3741288991226234}
Epoch 27 - los dynamic weights: {'demo': 0.34283515845088747, 'lab': 0.3681937958110959, 'text': 0.2889710457380167}
Epoch 27 - mechanical_ventilation dynamic weights: {'demo': 0.33333333333333337, 'lab': 0.33333333333333337, 'text': 0.33333333333333337}
[Epoch 28] Train Loss: 4.7979 | Val Loss: 0.4278
No improvement for 1 consecutive epochs.
[mortality Weight Update] EDDI:
  Demo modality - Overall EDDI: 0.0092
  Lab modality  - Overall EDDI: 0.0148
  Text modality - Overall EDDI: 0.0091
  Maximum EDDI among modalities: 0.0148
[mortality Weight Update] New dynamic weights: {'demo': 0.37078922378616375, 'lab': 0.2536534946252567, 'text': 0.37555728158857954}

[los Weight Update] EDDI:
  Demo modality - Overall EDDI: 0.0165
  Lab modality  - Overall EDDI: 0.0200
  Text modality - Overall EDDI: 0.0200
  Maximum EDDI among modalities: 0.0200
[los Weight Update] New dynamic weights: {'demo': 0.3451574950561754, 'lab': 0.366853232660977, 'text': 0.28798927228284765}

[mechanical_ventilation Weight Update] EDDI:
  Demo modality - Overall EDDI: 0.0310
  Lab modality  - Overall EDDI: 0.0310
  Text modality - Overall EDDI: 0.0310
  Maximum EDDI among modalities: 0.0310
[mechanical_ventilation Weight Update] New dynamic weights: {'demo': 0.33333333333333337, 'lab': 0.33333333333333337, 'text': 0.33333333333333337}

Epoch 28 - mortality dynamic weights: {'demo': 0.37078922378616375, 'lab': 0.2536534946252567, 'text': 0.37555728158857954}
Epoch 28 - los dynamic weights: {'demo': 0.3451574950561754, 'lab': 0.366853232660977, 'text': 0.28798927228284765}
Epoch 28 - mechanical_ventilation dynamic weights: {'demo': 0.33333333333333337, 'lab': 0.33333333333333337, 'text': 0.33333333333333337}
[Epoch 29] Train Loss: 4.7890 | Val Loss: 0.4254
Validation loss improved. Saving model...
[mortality Weight Update] EDDI:
  Demo modality - Overall EDDI: 0.0092
  Lab modality  - Overall EDDI: 0.0148
  Text modality - Overall EDDI: 0.0091
  Maximum EDDI among modalities: 0.0148
[mortality Weight Update] New dynamic weights: {'demo': 0.3722196546600619, 'lab': 0.25080281382151887, 'text': 0.3769775315184193}

[los Weight Update] EDDI:
  Demo modality - Overall EDDI: 0.0165
  Lab modality  - Overall EDDI: 0.0207
  Text modality - Overall EDDI: 0.0198
  Maximum EDDI among modalities: 0.0207
[los Weight Update] New dynamic weights: {'demo': 0.34763958671690465, 'lab': 0.36495113751620273, 'text': 0.2874092757668926}

[mechanical_ventilation Weight Update] EDDI:
  Demo modality - Overall EDDI: 0.0310
  Lab modality  - Overall EDDI: 0.0310
  Text modality - Overall EDDI: 0.0310
  Maximum EDDI among modalities: 0.0310
[mechanical_ventilation Weight Update] New dynamic weights: {'demo': 0.33333333333333337, 'lab': 0.33333333333333337, 'text': 0.33333333333333337}

Epoch 29 - mortality dynamic weights: {'demo': 0.3722196546600619, 'lab': 0.25080281382151887, 'text': 0.3769775315184193}
Epoch 29 - los dynamic weights: {'demo': 0.34763958671690465, 'lab': 0.36495113751620273, 'text': 0.2874092757668926}
Epoch 29 - mechanical_ventilation dynamic weights: {'demo': 0.33333333333333337, 'lab': 0.33333333333333337, 'text': 0.33333333333333337}
[Epoch 30] Train Loss: 4.7787 | Val Loss: 0.4259
No improvement for 1 consecutive epochs.
[mortality Weight Update] EDDI:
  Demo modality - Overall EDDI: 0.0092
  Lab modality  - Overall EDDI: 0.0149
  Text modality - Overall EDDI: 0.0092
  Maximum EDDI among modalities: 0.0149
[mortality Weight Update] New dynamic weights: {'demo': 0.3736723709509586, 'lab': 0.24796863235352526, 'text': 0.3783589966955162}

[los Weight Update] EDDI:
  Demo modality - Overall EDDI: 0.0165
  Lab modality  - Overall EDDI: 0.0195
  Text modality - Overall EDDI: 0.0200
  Maximum EDDI among modalities: 0.0200
[los Weight Update] New dynamic weights: {'demo': 0.34974980466604966, 'lab': 0.3639822588912396, 'text': 0.2862679364427107}

[mechanical_ventilation Weight Update] EDDI:
  Demo modality - Overall EDDI: 0.0310
  Lab modality  - Overall EDDI: 0.0310
  Text modality - Overall EDDI: 0.0310
  Maximum EDDI among modalities: 0.0310
[mechanical_ventilation Weight Update] New dynamic weights: {'demo': 0.33333333333333337, 'lab': 0.33333333333333337, 'text': 0.33333333333333337}

Epoch 30 - mortality dynamic weights: {'demo': 0.3736723709509586, 'lab': 0.24796863235352526, 'text': 0.3783589966955162}
Epoch 30 - los dynamic weights: {'demo': 0.34974980466604966, 'lab': 0.3639822588912396, 'text': 0.2862679364427107}
Epoch 30 - mechanical_ventilation dynamic weights: {'demo': 0.33333333333333337, 'lab': 0.33333333333333337, 'text': 0.33333333333333337}
[Epoch 31] Train Loss: 4.7703 | Val Loss: 0.4245
Validation loss improved. Saving model...
[mortality Weight Update] EDDI:
  Demo modality - Overall EDDI: 0.0092
  Lab modality  - Overall EDDI: 0.0148
  Text modality - Overall EDDI: 0.0091
  Maximum EDDI among modalities: 0.0148
[mortality Weight Update] New dynamic weights: {'demo': 0.37507214998260446, 'lab': 0.2451784055948763, 'text': 0.37974944442251923}

[los Weight Update] EDDI:
  Demo modality - Overall EDDI: 0.0165
  Lab modality  - Overall EDDI: 0.0199
  Text modality - Overall EDDI: 0.0200
  Maximum EDDI among modalities: 0.0200
[los Weight Update] New dynamic weights: {'demo': 0.35201843019060375, 'lab': 0.36278465715454444, 'text': 0.2851969126548518}

[mechanical_ventilation Weight Update] EDDI:
  Demo modality - Overall EDDI: 0.0310
  Lab modality  - Overall EDDI: 0.0310
  Text modality - Overall EDDI: 0.0310
  Maximum EDDI among modalities: 0.0310
[mechanical_ventilation Weight Update] New dynamic weights: {'demo': 0.33333333333333337, 'lab': 0.33333333333333337, 'text': 0.33333333333333337}

Epoch 31 - mortality dynamic weights: {'demo': 0.37507214998260446, 'lab': 0.2451784055948763, 'text': 0.37974944442251923}
Epoch 31 - los dynamic weights: {'demo': 0.35201843019060375, 'lab': 0.36278465715454444, 'text': 0.2851969126548518}
Epoch 31 - mechanical_ventilation dynamic weights: {'demo': 0.33333333333333337, 'lab': 0.33333333333333337, 'text': 0.33333333333333337}
[Epoch 32] Train Loss: 4.7591 | Val Loss: 0.4228
Validation loss improved. Saving model...
[mortality Weight Update] EDDI:
  Demo modality - Overall EDDI: 0.0092
  Lab modality  - Overall EDDI: 0.0148
  Text modality - Overall EDDI: 0.0091
  Maximum EDDI among modalities: 0.0148
[mortality Weight Update] New dynamic weights: {'demo': 0.37645118919063353, 'lab': 0.24242936497511228, 'text': 0.3811194458342541}

[los Weight Update] EDDI:
  Demo modality - Overall EDDI: 0.0165
  Lab modality  - Overall EDDI: 0.0212
  Text modality - Overall EDDI: 0.0200
  Maximum EDDI among modalities: 0.0212
[los Weight Update] New dynamic weights: {'demo': 0.35465920857411826, 'lab': 0.3606643825269919, 'text': 0.28467640889888984}

[mechanical_ventilation Weight Update] EDDI:
  Demo modality - Overall EDDI: 0.0310
  Lab modality  - Overall EDDI: 0.0310
  Text modality - Overall EDDI: 0.0310
  Maximum EDDI among modalities: 0.0310
[mechanical_ventilation Weight Update] New dynamic weights: {'demo': 0.33333333333333337, 'lab': 0.33333333333333337, 'text': 0.33333333333333337}

Epoch 32 - mortality dynamic weights: {'demo': 0.37645118919063353, 'lab': 0.24242936497511228, 'text': 0.3811194458342541}
Epoch 32 - los dynamic weights: {'demo': 0.35465920857411826, 'lab': 0.3606643825269919, 'text': 0.28467640889888984}
Epoch 32 - mechanical_ventilation dynamic weights: {'demo': 0.33333333333333337, 'lab': 0.33333333333333337, 'text': 0.33333333333333337}
[Epoch 33] Train Loss: 4.7489 | Val Loss: 0.4227
Validation loss improved. Saving model...
[mortality Weight Update] EDDI:
  Demo modality - Overall EDDI: 0.0092
  Lab modality  - Overall EDDI: 0.0148
  Text modality - Overall EDDI: 0.0091
  Maximum EDDI among modalities: 0.0148
[mortality Weight Update] New dynamic weights: {'demo': 0.377814110834616, 'lab': 0.23971243316260382, 'text': 0.3824734560027802}

[los Weight Update] EDDI:
  Demo modality - Overall EDDI: 0.0165
  Lab modality  - Overall EDDI: 0.0202
  Text modality - Overall EDDI: 0.0198
  Maximum EDDI among modalities: 0.0202
[los Weight Update] New dynamic weights: {'demo': 0.35694674670488574, 'lab': 0.3591591350983691, 'text': 0.28389411819674515}

[mechanical_ventilation Weight Update] EDDI:
  Demo modality - Overall EDDI: 0.0310
  Lab modality  - Overall EDDI: 0.0310
  Text modality - Overall EDDI: 0.0310
  Maximum EDDI among modalities: 0.0310
[mechanical_ventilation Weight Update] New dynamic weights: {'demo': 0.33333333333333337, 'lab': 0.33333333333333337, 'text': 0.33333333333333337}

Epoch 33 - mortality dynamic weights: {'demo': 0.377814110834616, 'lab': 0.23971243316260382, 'text': 0.3824734560027802}
Epoch 33 - los dynamic weights: {'demo': 0.35694674670488574, 'lab': 0.3591591350983691, 'text': 0.28389411819674515}
Epoch 33 - mechanical_ventilation dynamic weights: {'demo': 0.33333333333333337, 'lab': 0.33333333333333337, 'text': 0.33333333333333337}
[Epoch 34] Train Loss: 4.7371 | Val Loss: 0.4203
Validation loss improved. Saving model...
[mortality Weight Update] EDDI:
  Demo modality - Overall EDDI: 0.0092
  Lab modality  - Overall EDDI: 0.0148
  Text modality - Overall EDDI: 0.0091
  Maximum EDDI among modalities: 0.0148
[mortality Weight Update] New dynamic weights: {'demo': 0.3791614447224201, 'lab': 0.2370265649312201, 'text': 0.3838119903463598}

[los Weight Update] EDDI:
  Demo modality - Overall EDDI: 0.0165
  Lab modality  - Overall EDDI: 0.0206
  Text modality - Overall EDDI: 0.0198
  Maximum EDDI among modalities: 0.0206
[los Weight Update] New dynamic weights: {'demo': 0.35930306473740065, 'lab': 0.3574028813928782, 'text': 0.2832940538697211}

[mechanical_ventilation Weight Update] EDDI:
  Demo modality - Overall EDDI: 0.0310
  Lab modality  - Overall EDDI: 0.0310
  Text modality - Overall EDDI: 0.0310
  Maximum EDDI among modalities: 0.0310
[mechanical_ventilation Weight Update] New dynamic weights: {'demo': 0.33333333333333337, 'lab': 0.33333333333333337, 'text': 0.33333333333333337}

Epoch 34 - mortality dynamic weights: {'demo': 0.3791614447224201, 'lab': 0.2370265649312201, 'text': 0.3838119903463598}
Epoch 34 - los dynamic weights: {'demo': 0.35930306473740065, 'lab': 0.3574028813928782, 'text': 0.2832940538697211}
Epoch 34 - mechanical_ventilation dynamic weights: {'demo': 0.33333333333333337, 'lab': 0.33333333333333337, 'text': 0.33333333333333337}
[Epoch 35] Train Loss: 4.7311 | Val Loss: 0.4201
Validation loss improved. Saving model...
[mortality Weight Update] EDDI:
  Demo modality - Overall EDDI: 0.0092
  Lab modality  - Overall EDDI: 0.0148
  Text modality - Overall EDDI: 0.0092
  Maximum EDDI among modalities: 0.0148
[mortality Weight Update] New dynamic weights: {'demo': 0.380519734890926, 'lab': 0.23437941007897797, 'text': 0.38510085503009606}

[los Weight Update] EDDI:
  Demo modality - Overall EDDI: 0.0165
  Lab modality  - Overall EDDI: 0.0217
  Text modality - Overall EDDI: 0.0196
  Maximum EDDI among modalities: 0.0217
[los Weight Update] New dynamic weights: {'demo': 0.3619005662462651, 'lab': 0.3548258993009521, 'text': 0.28327353445278286}

[mechanical_ventilation Weight Update] EDDI:
  Demo modality - Overall EDDI: 0.0310
  Lab modality  - Overall EDDI: 0.0310
  Text modality - Overall EDDI: 0.0310
  Maximum EDDI among modalities: 0.0310
[mechanical_ventilation Weight Update] New dynamic weights: {'demo': 0.33333333333333337, 'lab': 0.33333333333333337, 'text': 0.33333333333333337}

Epoch 35 - mortality dynamic weights: {'demo': 0.380519734890926, 'lab': 0.23437941007897797, 'text': 0.38510085503009606}
Epoch 35 - los dynamic weights: {'demo': 0.3619005662462651, 'lab': 0.3548258993009521, 'text': 0.28327353445278286}
Epoch 35 - mechanical_ventilation dynamic weights: {'demo': 0.33333333333333337, 'lab': 0.33333333333333337, 'text': 0.33333333333333337}
[Epoch 36] Train Loss: 4.7196 | Val Loss: 0.4214
No improvement for 1 consecutive epochs.
[mortality Weight Update] EDDI:
  Demo modality - Overall EDDI: 0.0092
  Lab modality  - Overall EDDI: 0.0148
  Text modality - Overall EDDI: 0.0091
  Maximum EDDI among modalities: 0.0148
[mortality Weight Update] New dynamic weights: {'demo': 0.3818274598206096, 'lab': 0.23177152360085151, 'text': 0.3864010165785389}

[los Weight Update] EDDI:
  Demo modality - Overall EDDI: 0.0165
  Lab modality  - Overall EDDI: 0.0206
  Text modality - Overall EDDI: 0.0194
  Maximum EDDI among modalities: 0.0206
[los Weight Update] New dynamic weights: {'demo': 0.3641180972551304, 'lab': 0.35291510587157393, 'text': 0.2829667968732957}

[mechanical_ventilation Weight Update] EDDI:
  Demo modality - Overall EDDI: 0.0310
  Lab modality  - Overall EDDI: 0.0310
  Text modality - Overall EDDI: 0.0310
  Maximum EDDI among modalities: 0.0310
[mechanical_ventilation Weight Update] New dynamic weights: {'demo': 0.33333333333333337, 'lab': 0.33333333333333337, 'text': 0.33333333333333337}

Epoch 36 - mortality dynamic weights: {'demo': 0.3818274598206096, 'lab': 0.23177152360085151, 'text': 0.3864010165785389}
Epoch 36 - los dynamic weights: {'demo': 0.3641180972551304, 'lab': 0.35291510587157393, 'text': 0.2829667968732957}
Epoch 36 - mechanical_ventilation dynamic weights: {'demo': 0.33333333333333337, 'lab': 0.33333333333333337, 'text': 0.33333333333333337}
[Epoch 37] Train Loss: 4.7102 | Val Loss: 0.4177
Validation loss improved. Saving model...
[mortality Weight Update] EDDI:
  Demo modality - Overall EDDI: 0.0092
  Lab modality  - Overall EDDI: 0.0148
  Text modality - Overall EDDI: 0.0091
  Maximum EDDI among modalities: 0.0148
[mortality Weight Update] New dynamic weights: {'demo': 0.3831318199083656, 'lab': 0.22917071964609498, 'text': 0.3876974604455395}

[los Weight Update] EDDI:
  Demo modality - Overall EDDI: 0.0165
  Lab modality  - Overall EDDI: 0.0228
  Text modality - Overall EDDI: 0.0196
  Maximum EDDI among modalities: 0.0228
[los Weight Update] New dynamic weights: {'demo': 0.36695425286698125, 'lab': 0.3495496154245284, 'text': 0.28349613170849036}

[mechanical_ventilation Weight Update] EDDI:
  Demo modality - Overall EDDI: 0.0310
  Lab modality  - Overall EDDI: 0.0310
  Text modality - Overall EDDI: 0.0310
  Maximum EDDI among modalities: 0.0310
[mechanical_ventilation Weight Update] New dynamic weights: {'demo': 0.33333333333333337, 'lab': 0.33333333333333337, 'text': 0.33333333333333337}

Epoch 37 - mortality dynamic weights: {'demo': 0.3831318199083656, 'lab': 0.22917071964609498, 'text': 0.3876974604455395}
Epoch 37 - los dynamic weights: {'demo': 0.36695425286698125, 'lab': 0.3495496154245284, 'text': 0.28349613170849036}
Epoch 37 - mechanical_ventilation dynamic weights: {'demo': 0.33333333333333337, 'lab': 0.33333333333333337, 'text': 0.33333333333333337}
[Epoch 38] Train Loss: 4.7036 | Val Loss: 0.4179
No improvement for 1 consecutive epochs.
[mortality Weight Update] EDDI:
  Demo modality - Overall EDDI: 0.0092
  Lab modality  - Overall EDDI: 0.0148
  Text modality - Overall EDDI: 0.0091
  Maximum EDDI among modalities: 0.0148
[mortality Weight Update] New dynamic weights: {'demo': 0.38441516615716237, 'lab': 0.2266116030593726, 'text': 0.38897323078346496}

[los Weight Update] EDDI:
  Demo modality - Overall EDDI: 0.0165
  Lab modality  - Overall EDDI: 0.0226
  Text modality - Overall EDDI: 0.0195
  Maximum EDDI among modalities: 0.0226
[los Weight Update] New dynamic weights: {'demo': 0.3696784990544267, 'lab': 0.3463176284934203, 'text': 0.28400387245215314}

[mechanical_ventilation Weight Update] EDDI:
  Demo modality - Overall EDDI: 0.0310
  Lab modality  - Overall EDDI: 0.0310
  Text modality - Overall EDDI: 0.0310
  Maximum EDDI among modalities: 0.0310
[mechanical_ventilation Weight Update] New dynamic weights: {'demo': 0.33333333333333337, 'lab': 0.33333333333333337, 'text': 0.33333333333333337}

Epoch 38 - mortality dynamic weights: {'demo': 0.38441516615716237, 'lab': 0.2266116030593726, 'text': 0.38897323078346496}
Epoch 38 - los dynamic weights: {'demo': 0.3696784990544267, 'lab': 0.3463176284934203, 'text': 0.28400387245215314}
Epoch 38 - mechanical_ventilation dynamic weights: {'demo': 0.33333333333333337, 'lab': 0.33333333333333337, 'text': 0.33333333333333337}
[Epoch 39] Train Loss: 4.6930 | Val Loss: 0.4174
Validation loss improved. Saving model...
[mortality Weight Update] EDDI:
  Demo modality - Overall EDDI: 0.0092
  Lab modality  - Overall EDDI: 0.0149
  Text modality - Overall EDDI: 0.0091
  Maximum EDDI among modalities: 0.0149
[mortality Weight Update] New dynamic weights: {'demo': 0.38571503873875285, 'lab': 0.22402057754450744, 'text': 0.3902643837167397}

[los Weight Update] EDDI:
  Demo modality - Overall EDDI: 0.0165
  Lab modality  - Overall EDDI: 0.0221
  Text modality - Overall EDDI: 0.0195
  Maximum EDDI among modalities: 0.0221
[los Weight Update] New dynamic weights: {'demo': 0.3722550278153051, 'lab': 0.34346111236639104, 'text': 0.28428385981830373}

[mechanical_ventilation Weight Update] EDDI:
  Demo modality - Overall EDDI: 0.0310
  Lab modality  - Overall EDDI: 0.0310
  Text modality - Overall EDDI: 0.0310
  Maximum EDDI among modalities: 0.0310
[mechanical_ventilation Weight Update] New dynamic weights: {'demo': 0.33333333333333337, 'lab': 0.33333333333333337, 'text': 0.33333333333333337}

Epoch 39 - mortality dynamic weights: {'demo': 0.38571503873875285, 'lab': 0.22402057754450744, 'text': 0.3902643837167397}
Epoch 39 - los dynamic weights: {'demo': 0.3722550278153051, 'lab': 0.34346111236639104, 'text': 0.28428385981830373}
Epoch 39 - mechanical_ventilation dynamic weights: {'demo': 0.33333333333333337, 'lab': 0.33333333333333337, 'text': 0.33333333333333337}
[Epoch 40] Train Loss: 4.6835 | Val Loss: 0.4159
Validation loss improved. Saving model...
[mortality Weight Update] EDDI:
  Demo modality - Overall EDDI: 0.0092
  Lab modality  - Overall EDDI: 0.0148
  Text modality - Overall EDDI: 0.0091
  Maximum EDDI among modalities: 0.0148
[mortality Weight Update] New dynamic weights: {'demo': 0.3869677902469829, 'lab': 0.22152239821581934, 'text': 0.39150981153719766}

[los Weight Update] EDDI:
  Demo modality - Overall EDDI: 0.0165
  Lab modality  - Overall EDDI: 0.0219
  Text modality - Overall EDDI: 0.0195
  Maximum EDDI among modalities: 0.0219
[los Weight Update] New dynamic weights: {'demo': 0.3747433400968724, 'lab': 0.3407929826077945, 'text': 0.2844636772953331}

[mechanical_ventilation Weight Update] EDDI:
  Demo modality - Overall EDDI: 0.0310
  Lab modality  - Overall EDDI: 0.0310
  Text modality - Overall EDDI: 0.0310
  Maximum EDDI among modalities: 0.0310
[mechanical_ventilation Weight Update] New dynamic weights: {'demo': 0.33333333333333337, 'lab': 0.33333333333333337, 'text': 0.33333333333333337}

Epoch 40 - mortality dynamic weights: {'demo': 0.3869677902469829, 'lab': 0.22152239821581934, 'text': 0.39150981153719766}
Epoch 40 - los dynamic weights: {'demo': 0.3747433400968724, 'lab': 0.3407929826077945, 'text': 0.2844636772953331}
Epoch 40 - mechanical_ventilation dynamic weights: {'demo': 0.33333333333333337, 'lab': 0.33333333333333337, 'text': 0.33333333333333337}
[Epoch 41] Train Loss: 4.6739 | Val Loss: 0.4167
No improvement for 1 consecutive epochs.
[mortality Weight Update] EDDI:
  Demo modality - Overall EDDI: 0.0092
  Lab modality  - Overall EDDI: 0.0149
  Text modality - Overall EDDI: 0.0092
  Maximum EDDI among modalities: 0.0149
[mortality Weight Update] New dynamic weights: {'demo': 0.3882645597992264, 'lab': 0.2189980998309802, 'text': 0.39273734036979346}

[los Weight Update] EDDI:
  Demo modality - Overall EDDI: 0.0165
  Lab modality  - Overall EDDI: 0.0230
  Text modality - Overall EDDI: 0.0195
  Maximum EDDI among modalities: 0.0230
[los Weight Update] New dynamic weights: {'demo': 0.37747986060943484, 'lab': 0.3374204330259985, 'text': 0.2850997063645667}

[mechanical_ventilation Weight Update] EDDI:
  Demo modality - Overall EDDI: 0.0310
  Lab modality  - Overall EDDI: 0.0310
  Text modality - Overall EDDI: 0.0310
  Maximum EDDI among modalities: 0.0310
[mechanical_ventilation Weight Update] New dynamic weights: {'demo': 0.33333333333333337, 'lab': 0.33333333333333337, 'text': 0.33333333333333337}

Epoch 41 - mortality dynamic weights: {'demo': 0.3882645597992264, 'lab': 0.2189980998309802, 'text': 0.39273734036979346}
Epoch 41 - los dynamic weights: {'demo': 0.37747986060943484, 'lab': 0.3374204330259985, 'text': 0.2850997063645667}
Epoch 41 - mechanical_ventilation dynamic weights: {'demo': 0.33333333333333337, 'lab': 0.33333333333333337, 'text': 0.33333333333333337}
[Epoch 42] Train Loss: 4.6626 | Val Loss: 0.4197
No improvement for 2 consecutive epochs.
[mortality Weight Update] EDDI:
  Demo modality - Overall EDDI: 0.0092
  Lab modality  - Overall EDDI: 0.0148
  Text modality - Overall EDDI: 0.0092
  Maximum EDDI among modalities: 0.0148
[mortality Weight Update] New dynamic weights: {'demo': 0.38951894753148253, 'lab': 0.2165566753300994, 'text': 0.39392437713841794}

[los Weight Update] EDDI:
  Demo modality - Overall EDDI: 0.0165
  Lab modality  - Overall EDDI: 0.0232
  Text modality - Overall EDDI: 0.0194
  Maximum EDDI among modalities: 0.0232
[los Weight Update] New dynamic weights: {'demo': 0.3802412801873813, 'lab': 0.33389637595469507, 'text': 0.2858623438579237}

[mechanical_ventilation Weight Update] EDDI:
  Demo modality - Overall EDDI: 0.0310
  Lab modality  - Overall EDDI: 0.0310
  Text modality - Overall EDDI: 0.0310
  Maximum EDDI among modalities: 0.0310
[mechanical_ventilation Weight Update] New dynamic weights: {'demo': 0.33333333333333337, 'lab': 0.33333333333333337, 'text': 0.33333333333333337}

Epoch 42 - mortality dynamic weights: {'demo': 0.38951894753148253, 'lab': 0.2165566753300994, 'text': 0.39392437713841794}
Epoch 42 - los dynamic weights: {'demo': 0.3802412801873813, 'lab': 0.33389637595469507, 'text': 0.2858623438579237}
Epoch 42 - mechanical_ventilation dynamic weights: {'demo': 0.33333333333333337, 'lab': 0.33333333333333337, 'text': 0.33333333333333337}
[Epoch 43] Train Loss: 4.6550 | Val Loss: 0.4287
No improvement for 3 consecutive epochs.
[mortality Weight Update] EDDI:
  Demo modality - Overall EDDI: 0.0092
  Lab modality  - Overall EDDI: 0.0144
  Text modality - Overall EDDI: 0.0091
  Maximum EDDI among modalities: 0.0144
[mortality Weight Update] New dynamic weights: {'demo': 0.39065231976648457, 'lab': 0.21429255093506433, 'text': 0.3950551292984511}

[los Weight Update] EDDI:
  Demo modality - Overall EDDI: 0.0165
  Lab modality  - Overall EDDI: 0.0221
  Text modality - Overall EDDI: 0.0196
  Maximum EDDI among modalities: 0.0221
[los Weight Update] New dynamic weights: {'demo': 0.38277375993118357, 'lab': 0.33119751397084846, 'text': 0.28602872609796803}

[mechanical_ventilation Weight Update] EDDI:
  Demo modality - Overall EDDI: 0.0310
  Lab modality  - Overall EDDI: 0.0310
  Text modality - Overall EDDI: 0.0310
  Maximum EDDI among modalities: 0.0310
[mechanical_ventilation Weight Update] New dynamic weights: {'demo': 0.33333333333333337, 'lab': 0.33333333333333337, 'text': 0.33333333333333337}

Epoch 43 - mortality dynamic weights: {'demo': 0.39065231976648457, 'lab': 0.21429255093506433, 'text': 0.3950551292984511}
Epoch 43 - los dynamic weights: {'demo': 0.38277375993118357, 'lab': 0.33119751397084846, 'text': 0.28602872609796803}
Epoch 43 - mechanical_ventilation dynamic weights: {'demo': 0.33333333333333337, 'lab': 0.33333333333333337, 'text': 0.33333333333333337}
[Epoch 44] Train Loss: 4.6484 | Val Loss: 0.4126
Validation loss improved. Saving model...
[mortality Weight Update] EDDI:
  Demo modality - Overall EDDI: 0.0092
  Lab modality  - Overall EDDI: 0.0148
  Text modality - Overall EDDI: 0.0091
  Maximum EDDI among modalities: 0.0148
[mortality Weight Update] New dynamic weights: {'demo': 0.3918584154822874, 'lab': 0.21188639072186596, 'text': 0.3962551937958466}

[los Weight Update] EDDI:
  Demo modality - Overall EDDI: 0.0165
  Lab modality  - Overall EDDI: 0.0224
  Text modality - Overall EDDI: 0.0196
  Maximum EDDI among modalities: 0.0224
[los Weight Update] New dynamic weights: {'demo': 0.3853579560848178, 'lab': 0.3283588856663329, 'text': 0.2862831582488492}

[mechanical_ventilation Weight Update] EDDI:
  Demo modality - Overall EDDI: 0.0310
  Lab modality  - Overall EDDI: 0.0310
  Text modality - Overall EDDI: 0.0310
  Maximum EDDI among modalities: 0.0310
[mechanical_ventilation Weight Update] New dynamic weights: {'demo': 0.33333333333333337, 'lab': 0.33333333333333337, 'text': 0.33333333333333337}

Epoch 44 - mortality dynamic weights: {'demo': 0.3918584154822874, 'lab': 0.21188639072186596, 'text': 0.3962551937958466}
Epoch 44 - los dynamic weights: {'demo': 0.3853579560848178, 'lab': 0.3283588856663329, 'text': 0.2862831582488492}
Epoch 44 - mechanical_ventilation dynamic weights: {'demo': 0.33333333333333337, 'lab': 0.33333333333333337, 'text': 0.33333333333333337}
[Epoch 45] Train Loss: 4.6436 | Val Loss: 0.4123
Validation loss improved. Saving model...
[mortality Weight Update] EDDI:
  Demo modality - Overall EDDI: 0.0092
  Lab modality  - Overall EDDI: 0.0148
  Text modality - Overall EDDI: 0.0091
  Maximum EDDI among modalities: 0.0148
[mortality Weight Update] New dynamic weights: {'demo': 0.39304902755159826, 'lab': 0.20951105038711634, 'text': 0.3974399220612854}

[los Weight Update] EDDI:
  Demo modality - Overall EDDI: 0.0165
  Lab modality  - Overall EDDI: 0.0225
  Text modality - Overall EDDI: 0.0195
  Maximum EDDI among modalities: 0.0225
[los Weight Update] New dynamic weights: {'demo': 0.3879107275396236, 'lab': 0.32541165181821907, 'text': 0.2866776206421575}

[mechanical_ventilation Weight Update] EDDI:
  Demo modality - Overall EDDI: 0.0310
  Lab modality  - Overall EDDI: 0.0310
  Text modality - Overall EDDI: 0.0310
  Maximum EDDI among modalities: 0.0310
[mechanical_ventilation Weight Update] New dynamic weights: {'demo': 0.33333333333333337, 'lab': 0.33333333333333337, 'text': 0.33333333333333337}

Epoch 45 - mortality dynamic weights: {'demo': 0.39304902755159826, 'lab': 0.20951105038711634, 'text': 0.3974399220612854}
Epoch 45 - los dynamic weights: {'demo': 0.3879107275396236, 'lab': 0.32541165181821907, 'text': 0.2866776206421575}
Epoch 45 - mechanical_ventilation dynamic weights: {'demo': 0.33333333333333337, 'lab': 0.33333333333333337, 'text': 0.33333333333333337}
[Epoch 46] Train Loss: 4.6450 | Val Loss: 0.4123
No improvement for 1 consecutive epochs.
[mortality Weight Update] EDDI:
  Demo modality - Overall EDDI: 0.0092
  Lab modality  - Overall EDDI: 0.0148
  Text modality - Overall EDDI: 0.0091
  Maximum EDDI among modalities: 0.0148
[mortality Weight Update] New dynamic weights: {'demo': 0.39421602702035247, 'lab': 0.2071824437228467, 'text': 0.3986015292568009}

[los Weight Update] EDDI:
  Demo modality - Overall EDDI: 0.0165
  Lab modality  - Overall EDDI: 0.0229
  Text modality - Overall EDDI: 0.0196
  Maximum EDDI among modalities: 0.0229
[los Weight Update] New dynamic weights: {'demo': 0.3905380958102522, 'lab': 0.3222437978611568, 'text': 0.2872181063285912}

[mechanical_ventilation Weight Update] EDDI:
  Demo modality - Overall EDDI: 0.0310
  Lab modality  - Overall EDDI: 0.0310
  Text modality - Overall EDDI: 0.0310
  Maximum EDDI among modalities: 0.0310
[mechanical_ventilation Weight Update] New dynamic weights: {'demo': 0.33333333333333337, 'lab': 0.33333333333333337, 'text': 0.33333333333333337}

Epoch 46 - mortality dynamic weights: {'demo': 0.39421602702035247, 'lab': 0.2071824437228467, 'text': 0.3986015292568009}
Epoch 46 - los dynamic weights: {'demo': 0.3905380958102522, 'lab': 0.3222437978611568, 'text': 0.2872181063285912}
Epoch 46 - mechanical_ventilation dynamic weights: {'demo': 0.33333333333333337, 'lab': 0.33333333333333337, 'text': 0.33333333333333337}
[Epoch 47] Train Loss: 4.6439 | Val Loss: 0.4124
No improvement for 2 consecutive epochs.
[mortality Weight Update] EDDI:
  Demo modality - Overall EDDI: 0.0092
  Lab modality  - Overall EDDI: 0.0148
  Text modality - Overall EDDI: 0.0091
  Maximum EDDI among modalities: 0.0148
[mortality Weight Update] New dynamic weights: {'demo': 0.39537651723828116, 'lab': 0.2048670661219847, 'text': 0.3997564166397342}

[los Weight Update] EDDI:
  Demo modality - Overall EDDI: 0.0165
  Lab modality  - Overall EDDI: 0.0227
  Text modality - Overall EDDI: 0.0196
  Maximum EDDI among modalities: 0.0227
[los Weight Update] New dynamic weights: {'demo': 0.3931316526909127, 'lab': 0.3192366101046549, 'text': 0.2876317372044324}

[mechanical_ventilation Weight Update] EDDI:
  Demo modality - Overall EDDI: 0.0310
  Lab modality  - Overall EDDI: 0.0310
  Text modality - Overall EDDI: 0.0310
  Maximum EDDI among modalities: 0.0310
[mechanical_ventilation Weight Update] New dynamic weights: {'demo': 0.33333333333333337, 'lab': 0.33333333333333337, 'text': 0.33333333333333337}

Epoch 47 - mortality dynamic weights: {'demo': 0.39537651723828116, 'lab': 0.2048670661219847, 'text': 0.3997564166397342}
Epoch 47 - los dynamic weights: {'demo': 0.3931316526909127, 'lab': 0.3192366101046549, 'text': 0.2876317372044324}
Epoch 47 - mechanical_ventilation dynamic weights: {'demo': 0.33333333333333337, 'lab': 0.33333333333333337, 'text': 0.33333333333333337}
[Epoch 48] Train Loss: 4.6407 | Val Loss: 0.4119
Validation loss improved. Saving model...
[mortality Weight Update] EDDI:
  Demo modality - Overall EDDI: 0.0092
  Lab modality  - Overall EDDI: 0.0149
  Text modality - Overall EDDI: 0.0091
  Maximum EDDI among modalities: 0.0149
[mortality Weight Update] New dynamic weights: {'demo': 0.3965343619437121, 'lab': 0.20255735335299013, 'text': 0.40090828470329787}

[los Weight Update] EDDI:
  Demo modality - Overall EDDI: 0.0165
  Lab modality  - Overall EDDI: 0.0232
  Text modality - Overall EDDI: 0.0196
  Maximum EDDI among modalities: 0.0232
[los Weight Update] New dynamic weights: {'demo': 0.3957814003932972, 'lab': 0.315989093109844, 'text': 0.2882295064968589}

[mechanical_ventilation Weight Update] EDDI:
  Demo modality - Overall EDDI: 0.0310
  Lab modality  - Overall EDDI: 0.0310
  Text modality - Overall EDDI: 0.0310
  Maximum EDDI among modalities: 0.0310
[mechanical_ventilation Weight Update] New dynamic weights: {'demo': 0.33333333333333337, 'lab': 0.33333333333333337, 'text': 0.33333333333333337}

Epoch 48 - mortality dynamic weights: {'demo': 0.3965343619437121, 'lab': 0.20255735335299013, 'text': 0.40090828470329787}
Epoch 48 - los dynamic weights: {'demo': 0.3957814003932972, 'lab': 0.315989093109844, 'text': 0.2882295064968589}
Epoch 48 - mechanical_ventilation dynamic weights: {'demo': 0.33333333333333337, 'lab': 0.33333333333333337, 'text': 0.33333333333333337}
[Epoch 49] Train Loss: 4.6418 | Val Loss: 0.4119
No improvement for 1 consecutive epochs.
[mortality Weight Update] EDDI:
  Demo modality - Overall EDDI: 0.0092
  Lab modality  - Overall EDDI: 0.0148
  Text modality - Overall EDDI: 0.0091
  Maximum EDDI among modalities: 0.0148
[mortality Weight Update] New dynamic weights: {'demo': 0.3976672654771273, 'lab': 0.20029694808057513, 'text': 0.4020357864422974}

[los Weight Update] EDDI:
  Demo modality - Overall EDDI: 0.0165
  Lab modality  - Overall EDDI: 0.0231
  Text modality - Overall EDDI: 0.0196
  Maximum EDDI among modalities: 0.0231
[los Weight Update] New dynamic weights: {'demo': 0.39839109777494225, 'lab': 0.31281492705210123, 'text': 0.2887939751729566}

[mechanical_ventilation Weight Update] EDDI:
  Demo modality - Overall EDDI: 0.0310
  Lab modality  - Overall EDDI: 0.0310
  Text modality - Overall EDDI: 0.0310
  Maximum EDDI among modalities: 0.0310
[mechanical_ventilation Weight Update] New dynamic weights: {'demo': 0.33333333333333337, 'lab': 0.33333333333333337, 'text': 0.33333333333333337}

Epoch 49 - mortality dynamic weights: {'demo': 0.3976672654771273, 'lab': 0.20029694808057513, 'text': 0.4020357864422974}
Epoch 49 - los dynamic weights: {'demo': 0.39839109777494225, 'lab': 0.31281492705210123, 'text': 0.2887939751729566}
Epoch 49 - mechanical_ventilation dynamic weights: {'demo': 0.33333333333333337, 'lab': 0.33333333333333337, 'text': 0.33333333333333337}
[Epoch 50] Train Loss: 4.6401 | Val Loss: 0.4118
Validation loss improved. Saving model...
[mortality Weight Update] EDDI:
  Demo modality - Overall EDDI: 0.0092
  Lab modality  - Overall EDDI: 0.0148
  Text modality - Overall EDDI: 0.0091
  Maximum EDDI among modalities: 0.0148
[mortality Weight Update] New dynamic weights: {'demo': 0.39879072485093575, 'lab': 0.19805803469327102, 'text': 0.40315124045579326}

[los Weight Update] EDDI:
  Demo modality - Overall EDDI: 0.0165
  Lab modality  - Overall EDDI: 0.0232
  Text modality - Overall EDDI: 0.0196
  Maximum EDDI among modalities: 0.0232
[los Weight Update] New dynamic weights: {'demo': 0.4010080028942506, 'lab': 0.30961482098344806, 'text': 0.2893771761223014}

[mechanical_ventilation Weight Update] EDDI:
  Demo modality - Overall EDDI: 0.0310
  Lab modality  - Overall EDDI: 0.0310
  Text modality - Overall EDDI: 0.0310
  Maximum EDDI among modalities: 0.0310
[mechanical_ventilation Weight Update] New dynamic weights: {'demo': 0.33333333333333337, 'lab': 0.33333333333333337, 'text': 0.33333333333333337}

Epoch 50 - mortality dynamic weights: {'demo': 0.39879072485093575, 'lab': 0.19805803469327102, 'text': 0.40315124045579326}
Epoch 50 - los dynamic weights: {'demo': 0.4010080028942506, 'lab': 0.30961482098344806, 'text': 0.2893771761223014}
Epoch 50 - mechanical_ventilation dynamic weights: {'demo': 0.33333333333333337, 'lab': 0.33333333333333337, 'text': 0.33333333333333337}
Training complete.

Saved best model to best_model_20250409_060434.pt
Saved extracted vectors and metadata to extracted_vectors_20250409_060434.npz

Optimal thresholds from validation:
mortality: 0.51
los: 0.01
mechanical_ventilation: 0.50

--- Final Evaluation Metrics on Test Set ---

Outcome: mortality
  AUROC     : 0.9368
  AUPRC     : 0.7554
  F1 Score  : 0.6890
  Recall    : 0.6764
  Precision : 0.7021
  TPR       : 0.6764
  FPR       : 0.0323
  Optimal Thresh: 0.51

Outcome: los
  AUROC     : 1.0000
  AUPRC     : 1.0000
  F1 Score  : 0.9996
  Recall    : 1.0000
  Precision : 0.9992
  TPR       : 1.0000
  FPR       : 0.0005
  Optimal Thresh: 0.01

Outcome: mechanical_ventilation
  AUROC     : 0.8824
  AUPRC     : 0.9082
  F1 Score  : 0.8038
  Recall    : 0.7463
  Precision : 0.8710
  TPR       : 0.7463
  FPR       : 0.1701
  Optimal Thresh: 0.50

--- Sensitive Subgroup EDDI Statistics ---

Outcome: mortality (Threshold: 0.51)
 Age EDDI:
  Overall: 0.01578957186600536
  Subgroups: {0: -0.04827945586191765, 1: -0.028032674425654512, 2: -0.008732140208632028, 3: 0.02821315843692729}
 Ethnicity EDDI:
  Overall: 0.0024017510716205243
  Subgroups: {0: -0.010954422823777813, 1: 0.00463974306536774, 2: -0.001638172804079626, 3: 0.0, 4: 0.0}
 Insurance EDDI:
  Overall: 0.009093489593894078
  Subgroups: {0: -0.024901536516580763, 1: -0.03055369856787639, 2: 0.024432706936081763, 3: -0.025608945958383495, 4: 0.0130577796507, 5: 0.0}
 Combined EDDI: 0.006126178262324891

Outcome: los (Threshold: 0.01)
 Age EDDI:
  Overall: 0.00017049015033606638
  Subgroups: {0: -0.00029660388551090017, 1: -0.00029660388551090017, 2: 0.0004484960056514915, 3: -0.00029660388551090017}
 Ethnicity EDDI:
  Overall: 8.754411932870417e-05
  Subgroups: {0: -0.00029660388551090017, 1: -0.00029660388551090017, 2: 0.0001251063184880504, 3: 0.0, 4: 0.0}
 Insurance EDDI:
  Overall: 0.000132063717236388
  Subgroups: {0: -0.00029660388551090017, 1: -0.00029660388551090017, 2: -0.00029660388551090017, 3: 0.0005253325186678269, 4: -0.00029660388551090017, 5: 0.0}
 Combined EDDI: 7.758270826883581e-05

Outcome: mechanical_ventilation (Threshold: 0.50)
 Age EDDI:
  Overall: 0.014916852872833697
  Subgroups: {0: -0.05350411545928358, 1: 0.018723590192786497, 2: 0.01255566042816368, 3: -0.013758349628540346}
 Ethnicity EDDI:
  Overall: 0.01170162297934132
  Subgroups: {0: -0.05838786109934255, 1: -0.002911438548021956, 2: 0.0023623527660349974, 3: 0.0, 4: 0.0}
 Insurance EDDI:
  Overall: 0.005714959542993868
  Subgroups: {0: -0.011828972017328193, 1: -0.007823519567763995, 2: -0.011035674794751864, 3: 0.019338856308836392, 4: -0.021883279779018005, 5: 0.0}
 Combined EDDI: 0.006600515489620425

--- Overall Combined EDDI across outcomes ---
Overall Combined EDDI: 0.004268092153404717
No metrics returned for experiment 1

=== Hyperparameter Search Complete ===
